
2017-07-27 09:32:12 DEBUG| GET:http://localhost/TEK.SeatPlan.WebApi/api/version

2017-07-27 09:32:13 DEBUG| GET:http://localhost/TEK.SeatPlan.WebApi/api/SeatChangeLog


2017-07-27 09:32:13 DEBUG| GET:http://localhost/TEK.SeatPlan.WebApi/api/location
2017-07-27 09:32:13 DEBUG| GET:http://localhost/TEK.SeatPlan.WebApi/api/employee
2017-07-27 09:32:14 INFO | 2 entities retrieved by user: CORPORATE\chewang
RootType: Location, details: TEK.SeatPlan.Entity.Location

2017-07-27 09:32:16 DEBUG| GET:http://localhost/TEK.SeatPlan.WebApi/api/version

2017-07-27 09:32:16 DEBUG| GET:http://localhost/TEK.SeatPlan.WebApi/api/SeatChangeLog

2017-07-27 09:32:16 DEBUG| GET:http://localhost/TEK.SeatPlan.WebApi/api/location

2017-07-27 09:32:16 INFO | 2 entities retrieved by user: CORPORATE\chewang
RootType: Location, details: TEK.SeatPlan.Entity.Location
2017-07-27 09:32:16 DEBUG| GET:http://localhost/TEK.SeatPlan.WebApi/api/employee

2017-07-27 09:32:16 DEBUG| GET:http://localhost/TEK.SeatPlan.WebApi/api/ProjectLocation/2

2017-07-27 09:32:16 DEBUG| GET:http://localhost/TEK.SeatPlan.WebApi/api/SeatLocation/2
2017-07-27 09:32:16 INFO | 71 entities retrieved by user: CORPORATE\chewang
RootType: Seat, details: TEK.SeatPlan.Entity.Seat
2017-07-27 09:32:16 INFO | 98 entities retrieved by user: CORPORATE\chewang
RootType: Seat, details: TEK.SeatPlan.Entity.Seat

2017-07-27 09:32:33 DEBUG| GET:http://localhost/TEK.SeatPlan.WebApi/api/employee

2017-07-27 09:32:35 DEBUG| GET:http://localhost/TEK.SeatPlan.WebApi/api/employee

2017-07-27 09:32:35 DEBUG| GET:http://localhost/TEK.SeatPlan.WebApi/api/SeatLocation/0

2017-07-27 09:32:35 DEBUG| GET:http://localhost/TEK.SeatPlan.WebApi/api/project
2017-07-27 09:32:35 INFO | Get all project called - find in repo

2017-07-27 09:32:35 DEBUG| GET:http://localhost/TEK.SeatPlan.WebApi/api/EmployeeStatus
2017-07-27 09:32:35 INFO | 206 entities retrieved by user: CORPORATE\chewang
RootType: Seat, details: TEK.SeatPlan.Entity.Seat
2017-07-27 09:32:35 INFO | 3 entities retrieved by user: CORPORATE\chewang
RootType: EmployeeStatus, details: TEK.SeatPlan.Entity.EmployeeStatus

2017-07-27 09:45:11 DEBUG| GET:http://localhost/TEK.SeatPlan.WebApi/api/version

2017-07-27 09:45:11 DEBUG| GET:http://localhost/TEK.SeatPlan.WebApi/api/employee

2017-07-27 09:45:31 DEBUG| GET:http://localhost/TEK.SeatPlan.WebApi/api/version

2017-07-27 09:45:31 DEBUG| GET:http://localhost/TEK.SeatPlan.WebApi/api/SeatChangeLog

2017-07-27 09:45:33 DEBUG| GET:http://localhost/TEK.SeatPlan.WebApi/api/location

2017-07-27 09:45:33 DEBUG| GET:http://localhost/TEK.SeatPlan.WebApi/api/employee
2017-07-27 09:45:33 INFO | 2 entities retrieved by user: CORPORATE\chewang
RootType: Location, details: TEK.SeatPlan.Entity.Location

2017-07-27 09:45:33 DEBUG| GET:http://localhost/TEK.SeatPlan.WebApi/api/ProjectLocation/2
2017-07-27 09:45:33 INFO | 71 entities retrieved by user: CORPORATE\chewang
RootType: Seat, details: TEK.SeatPlan.Entity.Seat

2017-07-27 09:45:34 DEBUG| GET:http://localhost/TEK.SeatPlan.WebApi/api/SeatLocation/2
2017-07-27 09:45:34 INFO | 98 entities retrieved by user: CORPORATE\chewang
RootType: Seat, details: TEK.SeatPlan.Entity.Seat

2017-07-27 09:49:23 DEBUG| GET:http://localhost/TEK.SeatPlan.WebApi/api/version

2017-07-27 09:49:23 DEBUG| GET:http://localhost/TEK.SeatPlan.WebApi/api/SeatChangeLog

2017-07-27 09:49:24 DEBUG| GET:http://localhost/TEK.SeatPlan.WebApi/api/employee

2017-07-27 09:49:24 DEBUG| GET:http://localhost/TEK.SeatPlan.WebApi/api/location
2017-07-27 09:49:24 INFO | 2 entities retrieved by user: CORPORATE\chewang
RootType: Location, details: TEK.SeatPlan.Entity.Location

2017-07-27 09:49:25 DEBUG| GET:http://localhost/TEK.SeatPlan.WebApi/api/ProjectLocation/2
2017-07-27 09:49:25 INFO | 71 entities retrieved by user: CORPORATE\chewang
RootType: Seat, details: TEK.SeatPlan.Entity.Seat

2017-07-27 09:49:26 DEBUG| GET:http://localhost/TEK.SeatPlan.WebApi/api/SeatLocation/2
2017-07-27 09:49:26 INFO | 98 entities retrieved by user: CORPORATE\chewang
RootType: Seat, details: TEK.SeatPlan.Entity.Seat

2017-07-27 09:51:45 DEBUG| GET:http://localhost/TEK.SeatPlan.WebApi/api/employee

2017-07-27 09:51:48 DEBUG| GET:http://localhost/TEK.SeatPlan.WebApi/api/SeatLocation/0

2017-07-27 09:51:48 DEBUG| GET:http://localhost/TEK.SeatPlan.WebApi/api/employee
2017-07-27 09:51:49 INFO | 206 entities retrieved by user: CORPORATE\chewang
RootType: Seat, details: TEK.SeatPlan.Entity.Seat

2017-07-27 09:51:49 DEBUG| GET:http://localhost/TEK.SeatPlan.WebApi/api/project
2017-07-27 09:51:49 INFO | Get all project called - find in repo

2017-07-27 09:51:49 DEBUG| GET:http://localhost/TEK.SeatPlan.WebApi/api/EmployeeStatus
2017-07-27 09:51:49 INFO | 3 entities retrieved by user: CORPORATE\chewang
RootType: EmployeeStatus, details: TEK.SeatPlan.Entity.EmployeeStatus

2017-07-27 09:52:42 DEBUG| GET:http://localhost/TEK.SeatPlan.WebApi/api/version

2017-07-27 09:52:42 DEBUG| GET:http://localhost/TEK.SeatPlan.WebApi/api/employee

2017-07-27 09:52:48 DEBUG| GET:http://localhost/TEK.SeatPlan.WebApi/api/SeatLocation/0

2017-07-27 09:52:48 DEBUG| GET:http://localhost/TEK.SeatPlan.WebApi/api/employee

2017-07-27 09:52:48 DEBUG| GET:http://localhost/TEK.SeatPlan.WebApi/api/project
2017-07-27 09:52:48 INFO | Get all project called - find in repo
2017-07-27 09:52:48 INFO | 206 entities retrieved by user: CORPORATE\chewang
RootType: Seat, details: TEK.SeatPlan.Entity.Seat

2017-07-27 09:52:49 DEBUG| GET:http://localhost/TEK.SeatPlan.WebApi/api/EmployeeStatus
2017-07-27 09:52:49 INFO | 3 entities retrieved by user: CORPORATE\chewang
RootType: EmployeeStatus, details: TEK.SeatPlan.Entity.EmployeeStatus

2017-07-27 09:53:05 DEBUG| GET:http://localhost/TEK.SeatPlan.WebApi/api/version

2017-07-27 09:53:05 DEBUG| GET:http://localhost/TEK.SeatPlan.WebApi/api/employee

2017-07-27 09:53:10 DEBUG| GET:http://localhost/TEK.SeatPlan.WebApi/api/SeatLocation/0

2017-07-27 09:53:10 DEBUG| GET:http://localhost/TEK.SeatPlan.WebApi/api/employee

2017-07-27 09:53:10 DEBUG| GET:http://localhost/TEK.SeatPlan.WebApi/api/project
2017-07-27 09:53:10 INFO | Get all project called - find in repo

2017-07-27 09:53:10 DEBUG| GET:http://localhost/TEK.SeatPlan.WebApi/api/EmployeeStatus
2017-07-27 09:53:10 INFO | 206 entities retrieved by user: CORPORATE\chewang
RootType: Seat, details: TEK.SeatPlan.Entity.Seat
2017-07-27 09:53:10 INFO | 3 entities retrieved by user: CORPORATE\chewang
RootType: EmployeeStatus, details: TEK.SeatPlan.Entity.EmployeeStatus

2017-07-27 09:53:26 DEBUG| GET:http://localhost/TEK.SeatPlan.WebApi/api/version

2017-07-27 09:53:26 DEBUG| GET:http://localhost/TEK.SeatPlan.WebApi/api/SeatChangeLog


2017-07-27 09:53:31 DEBUG| GET:http://localhost/TEK.SeatPlan.WebApi/api/employee
2017-07-27 09:53:31 DEBUG| GET:http://localhost/TEK.SeatPlan.WebApi/api/location
2017-07-27 09:53:31 INFO | 2 entities retrieved by user: CORPORATE\chewang
RootType: Location, details: TEK.SeatPlan.Entity.Location

2017-07-27 09:53:31 DEBUG| GET:http://localhost/TEK.SeatPlan.WebApi/api/ProjectLocation/2

2017-07-27 09:53:31 DEBUG| GET:http://localhost/TEK.SeatPlan.WebApi/api/SeatLocation/2
2017-07-27 09:53:31 INFO | 71 entities retrieved by user: CORPORATE\chewang
RootType: Seat, details: TEK.SeatPlan.Entity.Seat
2017-07-27 09:53:31 INFO | 98 entities retrieved by user: CORPORATE\chewang
RootType: Seat, details: TEK.SeatPlan.Entity.Seat

2017-07-27 09:53:51 DEBUG| GET:http://localhost/TEK.SeatPlan.WebApi/api/employee

2017-07-27 09:54:00 DEBUG| GET:http://localhost/TEK.SeatPlan.WebApi/api/EmployeeStatus

2017-07-27 09:54:00 DEBUG| GET:http://localhost/TEK.SeatPlan.WebApi/api/employee

2017-07-27 09:54:00 DEBUG| GET:http://localhost/TEK.SeatPlan.WebApi/api/project
2017-07-27 09:54:00 INFO | 3 entities retrieved by user: CORPORATE\chewang
RootType: EmployeeStatus, details: TEK.SeatPlan.Entity.EmployeeStatus
2017-07-27 09:54:00 INFO | Get all project called - find in repo

2017-07-27 09:54:00 DEBUG| GET:http://localhost/TEK.SeatPlan.WebApi/api/SeatLocation/0
2017-07-27 09:54:00 INFO | 206 entities retrieved by user: CORPORATE\chewang
RootType: Seat, details: TEK.SeatPlan.Entity.Seat

2017-07-27 09:54:19 DEBUG| GET:http://localhost/TEK.SeatPlan.WebApi/api/version

2017-07-27 09:54:19 DEBUG| GET:http://localhost/TEK.SeatPlan.WebApi/api/employee

2017-07-27 09:54:26 DEBUG| GET:http://localhost/TEK.SeatPlan.WebApi/api/EmployeeStatus

2017-07-27 09:54:26 DEBUG| GET:http://localhost/TEK.SeatPlan.WebApi/api/project
2017-07-27 09:54:26 INFO | Get all project called - find in repo

2017-07-27 09:54:26 INFO | 3 entities retrieved by user: CORPORATE\chewang
RootType: EmployeeStatus, details: TEK.SeatPlan.Entity.EmployeeStatus
2017-07-27 09:54:26 DEBUG| GET:http://localhost/TEK.SeatPlan.WebApi/api/employee

2017-07-27 09:54:26 DEBUG| GET:http://localhost/TEK.SeatPlan.WebApi/api/SeatLocation/0
2017-07-27 09:54:26 INFO | 206 entities retrieved by user: CORPORATE\chewang
RootType: Seat, details: TEK.SeatPlan.Entity.Seat

2017-07-27 09:54:46 DEBUG| GET:http://localhost/TEK.SeatPlan.WebApi/api/version

2017-07-27 09:54:46 DEBUG| GET:http://localhost/TEK.SeatPlan.WebApi/api/employee

2017-07-27 09:55:07 DEBUG| GET:http://localhost/TEK.SeatPlan.WebApi/api/project

2017-07-27 09:55:07 INFO | Get all project called - find in repo

2017-07-27 09:55:07 DEBUG| GET:http://localhost/TEK.SeatPlan.WebApi/api/EmployeeStatus
2017-07-27 09:55:07 DEBUG| GET:http://localhost/TEK.SeatPlan.WebApi/api/employee

2017-07-27 09:55:07 DEBUG| GET:http://localhost/TEK.SeatPlan.WebApi/api/SeatLocation/0
2017-07-27 09:55:07 INFO | 3 entities retrieved by user: CORPORATE\chewang
RootType: EmployeeStatus, details: TEK.SeatPlan.Entity.EmployeeStatus
2017-07-27 09:55:07 INFO | 206 entities retrieved by user: CORPORATE\chewang
RootType: Seat, details: TEK.SeatPlan.Entity.Seat

2017-07-27 09:55:25 DEBUG| GET:http://localhost/TEK.SeatPlan.WebApi/api/version

2017-07-27 09:55:25 DEBUG| GET:http://localhost/TEK.SeatPlan.WebApi/api/SeatChangeLog

2017-07-27 09:55:25 DEBUG| GET:http://localhost/TEK.SeatPlan.WebApi/api/location

2017-07-27 09:55:25 DEBUG| GET:http://localhost/TEK.SeatPlan.WebApi/api/employee
2017-07-27 09:55:25 INFO | 2 entities retrieved by user: CORPORATE\chewang
RootType: Location, details: TEK.SeatPlan.Entity.Location

2017-07-27 09:55:25 DEBUG| GET:http://localhost/TEK.SeatPlan.WebApi/api/ProjectLocation/2

2017-07-27 09:55:25 DEBUG| GET:http://localhost/TEK.SeatPlan.WebApi/api/SeatLocation/2
2017-07-27 09:55:25 INFO | 71 entities retrieved by user: CORPORATE\chewang
RootType: Seat, details: TEK.SeatPlan.Entity.Seat
2017-07-27 09:55:25 INFO | 98 entities retrieved by user: CORPORATE\chewang
RootType: Seat, details: TEK.SeatPlan.Entity.Seat

2017-07-27 09:55:28 DEBUG| GET:http://localhost/TEK.SeatPlan.WebApi/api/employee

2017-07-27 09:55:36 DEBUG| GET:http://localhost/TEK.SeatPlan.WebApi/api/SeatLocation/0

2017-07-27 09:55:36 DEBUG| GET:http://localhost/TEK.SeatPlan.WebApi/api/employee

2017-07-27 09:55:36 DEBUG| GET:http://localhost/TEK.SeatPlan.WebApi/api/project
2017-07-27 09:55:36 INFO | Get all project called - find in repo

2017-07-27 09:55:36 DEBUG| GET:http://localhost/TEK.SeatPlan.WebApi/api/EmployeeStatus
2017-07-27 09:55:36 INFO | 3 entities retrieved by user: CORPORATE\chewang
RootType: EmployeeStatus, details: TEK.SeatPlan.Entity.EmployeeStatus
2017-07-27 09:55:36 INFO | 206 entities retrieved by user: CORPORATE\chewang
RootType: Seat, details: TEK.SeatPlan.Entity.Seat

2017-07-27 10:05:44 DEBUG| GET:http://localhost/TEK.SeatPlan.WebApi/api/version

2017-07-27 10:05:44 DEBUG| GET:http://localhost/TEK.SeatPlan.WebApi/api/employee

2017-07-27 10:06:25 DEBUG| GET:http://localhost/TEK.SeatPlan.WebApi/api/SeatLocation/0

2017-07-27 10:06:25 DEBUG| GET:http://localhost/TEK.SeatPlan.WebApi/api/employee
2017-07-27 10:06:25 INFO | 206 entities retrieved by user: CORPORATE\chewang
RootType: Seat, details: TEK.SeatPlan.Entity.Seat

2017-07-27 10:06:25 DEBUG| GET:http://localhost/TEK.SeatPlan.WebApi/api/project
2017-07-27 10:06:25 INFO | Get all project called - find in repo

2017-07-27 10:06:25 DEBUG| GET:http://localhost/TEK.SeatPlan.WebApi/api/EmployeeStatus
2017-07-27 10:06:25 INFO | 3 entities retrieved by user: CORPORATE\chewang
RootType: EmployeeStatus, details: TEK.SeatPlan.Entity.EmployeeStatus


2017-07-27 10:06:37 DEBUG| GET:http://localhost/TEK.SeatPlan.WebApi/api/SeatLocation/0
2017-07-27 10:06:37 DEBUG| GET:http://localhost/TEK.SeatPlan.WebApi/api/employee

2017-07-27 10:06:37 DEBUG| GET:http://localhost/TEK.SeatPlan.WebApi/api/project
2017-07-27 10:06:37 INFO | Get all project called - find in repo
2017-07-27 10:06:37 INFO | 206 entities retrieved by user: CORPORATE\chewang
RootType: Seat, details: TEK.SeatPlan.Entity.Seat

2017-07-27 10:06:37 DEBUG| GET:http://localhost/TEK.SeatPlan.WebApi/api/EmployeeStatus
2017-07-27 10:06:37 INFO | 3 entities retrieved by user: CORPORATE\chewang
RootType: EmployeeStatus, details: TEK.SeatPlan.Entity.EmployeeStatus

2017-07-27 10:07:50 DEBUG| GET:http://localhost/TEK.SeatPlan.WebApi/api/version

2017-07-27 10:07:50 DEBUG| GET:http://localhost/TEK.SeatPlan.WebApi/api/employee

2017-07-27 10:07:54 DEBUG| GET:http://localhost/TEK.SeatPlan.WebApi/api/SeatLocation/0

2017-07-27 10:07:54 DEBUG| GET:http://localhost/TEK.SeatPlan.WebApi/api/employee

2017-07-27 10:07:54 DEBUG| GET:http://localhost/TEK.SeatPlan.WebApi/api/EmployeeStatus

2017-07-27 10:07:54 DEBUG| GET:http://localhost/TEK.SeatPlan.WebApi/api/project
2017-07-27 10:07:54 INFO | Get all project called - find in repo
2017-07-27 10:07:54 INFO | 206 entities retrieved by user: CORPORATE\chewang
RootType: Seat, details: TEK.SeatPlan.Entity.Seat
2017-07-27 10:07:54 INFO | 3 entities retrieved by user: CORPORATE\chewang
RootType: EmployeeStatus, details: TEK.SeatPlan.Entity.EmployeeStatus

2017-07-27 10:09:10 DEBUG| GET:http://localhost/TEK.SeatPlan.WebApi/api/version

2017-07-27 10:09:10 DEBUG| GET:http://localhost/TEK.SeatPlan.WebApi/api/employee


2017-07-27 10:09:21 DEBUG| GET:http://localhost/TEK.SeatPlan.WebApi/api/SeatLocation/0
2017-07-27 10:09:21 DEBUG| GET:http://localhost/TEK.SeatPlan.WebApi/api/employee

2017-07-27 10:09:21 DEBUG| GET:http://localhost/TEK.SeatPlan.WebApi/api/project

2017-07-27 10:09:21 INFO | Get all project called - find in repo
2017-07-27 10:09:21 DEBUG| GET:http://localhost/TEK.SeatPlan.WebApi/api/EmployeeStatus
2017-07-27 10:09:21 INFO | 206 entities retrieved by user: CORPORATE\chewang
RootType: Seat, details: TEK.SeatPlan.Entity.Seat
2017-07-27 10:09:21 INFO | 3 entities retrieved by user: CORPORATE\chewang
RootType: EmployeeStatus, details: TEK.SeatPlan.Entity.EmployeeStatus

2017-07-27 10:14:08 DEBUG| GET:http://localhost/TEK.SeatPlan.WebApi/api/SeatChangeLog

2017-07-27 10:14:08 DEBUG| GET:http://localhost/TEK.SeatPlan.WebApi/api/employee

2017-07-27 10:14:08 DEBUG| GET:http://localhost/TEK.SeatPlan.WebApi/api/location
2017-07-27 10:14:08 INFO | 2 entities retrieved by user: CORPORATE\chewang
RootType: Location, details: TEK.SeatPlan.Entity.Location

2017-07-27 10:14:08 DEBUG| GET:http://localhost/TEK.SeatPlan.WebApi/api/ProjectLocation/2

2017-07-27 10:14:08 DEBUG| GET:http://localhost/TEK.SeatPlan.WebApi/api/SeatLocation/2
2017-07-27 10:14:08 INFO | 71 entities retrieved by user: CORPORATE\chewang
RootType: Seat, details: TEK.SeatPlan.Entity.Seat
2017-07-27 10:14:08 INFO | 98 entities retrieved by user: CORPORATE\chewang
RootType: Seat, details: TEK.SeatPlan.Entity.Seat

2017-07-27 10:14:25 DEBUG| GET:http://localhost/TEK.SeatPlan.WebApi/api/employee

2017-07-27 10:14:25 DEBUG| GET:http://localhost/TEK.SeatPlan.WebApi/api/employee

2017-07-27 10:21:03 DEBUG| GET:http://localhost/TEK.SeatPlan.WebApi/api/version

2017-07-27 10:21:03 DEBUG| GET:http://localhost/TEK.SeatPlan.WebApi/api/employee

2017-07-27 10:21:12 DEBUG| GET:http://localhost/TEK.SeatPlan.WebApi/api/version

2017-07-27 10:21:12 DEBUG| GET:http://localhost/TEK.SeatPlan.WebApi/api/employee

2017-07-27 10:21:14 DEBUG| GET:http://localhost/TEK.SeatPlan.WebApi/api/SeatLocation/0

2017-07-27 10:21:14 DEBUG| GET:http://localhost/TEK.SeatPlan.WebApi/api/employee


2017-07-27 10:21:14 DEBUG| GET:http://localhost/TEK.SeatPlan.WebApi/api/project
2017-07-27 10:21:14 INFO | Get all project called - find in repo
2017-07-27 10:21:14 DEBUG| GET:http://localhost/TEK.SeatPlan.WebApi/api/EmployeeStatus
2017-07-27 10:21:14 INFO | 3 entities retrieved by user: CORPORATE\chewang
RootType: EmployeeStatus, details: TEK.SeatPlan.Entity.EmployeeStatus
2017-07-27 10:21:14 INFO | 206 entities retrieved by user: CORPORATE\chewang
RootType: Seat, details: TEK.SeatPlan.Entity.Seat

2017-07-27 10:22:22 DEBUG| GET:http://localhost/TEK.SeatPlan.WebApi/api/SeatLocation/0


2017-07-27 10:22:22 DEBUG| GET:http://localhost/TEK.SeatPlan.WebApi/api/project
2017-07-27 10:22:22 DEBUG| GET:http://localhost/TEK.SeatPlan.WebApi/api/employee
2017-07-27 10:22:22 INFO | Get all project called - find in repo

2017-07-27 10:22:22 DEBUG| GET:http://localhost/TEK.SeatPlan.WebApi/api/EmployeeStatus
2017-07-27 10:22:22 INFO | 3 entities retrieved by user: CORPORATE\chewang
RootType: EmployeeStatus, details: TEK.SeatPlan.Entity.EmployeeStatus
2017-07-27 10:22:22 INFO | 206 entities retrieved by user: CORPORATE\chewang
RootType: Seat, details: TEK.SeatPlan.Entity.Seat

2017-07-27 10:28:27 DEBUG| GET:http://localhost/TEK.SeatPlan.WebApi/api/version

2017-07-27 10:28:27 DEBUG| GET:http://localhost/TEK.SeatPlan.WebApi/api/employee

2017-07-27 10:28:37 DEBUG| GET:http://localhost/TEK.SeatPlan.WebApi/api/SeatLocation/0

2017-07-27 10:28:37 DEBUG| GET:http://localhost/TEK.SeatPlan.WebApi/api/employee
2017-07-27 10:28:37 INFO | 206 entities retrieved by user: CORPORATE\chewang
RootType: Seat, details: TEK.SeatPlan.Entity.Seat

2017-07-27 10:28:37 DEBUG| GET:http://localhost/TEK.SeatPlan.WebApi/api/project
2017-07-27 10:28:37 INFO | Get all project called - find in repo

2017-07-27 10:28:37 DEBUG| GET:http://localhost/TEK.SeatPlan.WebApi/api/EmployeeStatus
2017-07-27 10:28:37 INFO | 3 entities retrieved by user: CORPORATE\chewang
RootType: EmployeeStatus, details: TEK.SeatPlan.Entity.EmployeeStatus

2017-07-27 10:29:41 DEBUG| GET:http://localhost/TEK.SeatPlan.WebApi/api/version

2017-07-27 10:29:41 DEBUG| GET:http://localhost/TEK.SeatPlan.WebApi/api/employee

2017-07-27 10:32:30 DEBUG| GET:http://localhost/TEK.SeatPlan.WebApi/api/version

2017-07-27 10:32:30 DEBUG| GET:http://localhost/TEK.SeatPlan.WebApi/api/employee

2017-07-27 10:32:31 DEBUG| GET:http://localhost/TEK.SeatPlan.WebApi/api/SeatLocation/0

2017-07-27 10:32:31 DEBUG| GET:http://localhost/TEK.SeatPlan.WebApi/api/employee

2017-07-27 10:32:31 DEBUG| GET:http://localhost/TEK.SeatPlan.WebApi/api/EmployeeStatus

2017-07-27 10:32:31 INFO | 206 entities retrieved by user: CORPORATE\chewang
RootType: Seat, details: TEK.SeatPlan.Entity.Seat
2017-07-27 10:32:31 DEBUG| GET:http://localhost/TEK.SeatPlan.WebApi/api/project
2017-07-27 10:32:31 INFO | Get all project called - find in repo
2017-07-27 10:32:31 INFO | 3 entities retrieved by user: CORPORATE\chewang
RootType: EmployeeStatus, details: TEK.SeatPlan.Entity.EmployeeStatus

2017-07-27 10:37:27 DEBUG| GET:http://localhost/TEK.SeatPlan.WebApi/api/version

2017-07-27 10:37:27 DEBUG| GET:http://localhost/TEK.SeatPlan.WebApi/api/employee

2017-07-27 10:37:34 DEBUG| GET:http://localhost/TEK.SeatPlan.WebApi/api/version

2017-07-27 10:37:34 DEBUG| GET:http://localhost/TEK.SeatPlan.WebApi/api/employee


2017-07-27 10:37:42 DEBUG| GET:http://localhost/TEK.SeatPlan.WebApi/api/SeatLocation/0
2017-07-27 10:37:42 DEBUG| GET:http://localhost/TEK.SeatPlan.WebApi/api/employee

2017-07-27 10:37:42 DEBUG| GET:http://localhost/TEK.SeatPlan.WebApi/api/project
2017-07-27 10:37:42 INFO | Get all project called - find in repo

2017-07-27 10:37:42 DEBUG| GET:http://localhost/TEK.SeatPlan.WebApi/api/EmployeeStatus
2017-07-27 10:37:42 INFO | 3 entities retrieved by user: CORPORATE\chewang
RootType: EmployeeStatus, details: TEK.SeatPlan.Entity.EmployeeStatus
2017-07-27 10:37:42 INFO | 206 entities retrieved by user: CORPORATE\chewang
RootType: Seat, details: TEK.SeatPlan.Entity.Seat

2017-07-27 10:39:45 DEBUG| GET:http://localhost/TEK.SeatPlan.WebApi/api/version

2017-07-27 10:39:45 DEBUG| GET:http://localhost/TEK.SeatPlan.WebApi/api/employee

2017-07-27 10:40:56 DEBUG| GET:http://localhost/TEK.SeatPlan.WebApi/api/version

2017-07-27 10:40:56 DEBUG| GET:http://localhost/TEK.SeatPlan.WebApi/api/employee

2017-07-27 10:41:28 DEBUG| GET:http://localhost/TEK.SeatPlan.WebApi/api/version

2017-07-27 10:41:28 DEBUG| GET:http://localhost/TEK.SeatPlan.WebApi/api/employee

2017-07-27 10:45:19 DEBUG| GET:http://localhost/TEK.SeatPlan.WebApi/api/version

2017-07-27 10:45:19 DEBUG| GET:http://localhost/TEK.SeatPlan.WebApi/api/employee

2017-07-27 11:01:05 DEBUG| GET:http://localhost/TEK.SeatPlan.WebApi/api/version

2017-07-27 11:01:05 DEBUG| GET:http://localhost/TEK.SeatPlan.WebApi/api/employee

2017-07-27 11:01:32 DEBUG| GET:http://localhost/TEK.SeatPlan.WebApi/api/version

2017-07-27 11:01:32 DEBUG| GET:http://localhost/TEK.SeatPlan.WebApi/api/employee

2017-07-27 11:02:10 DEBUG| GET:http://localhost/TEK.SeatPlan.WebApi/api/version

2017-07-27 11:02:10 DEBUG| GET:http://localhost/TEK.SeatPlan.WebApi/api/employee

2017-07-27 11:03:11 DEBUG| GET:http://localhost/TEK.SeatPlan.WebApi/api/version

2017-07-27 11:03:11 DEBUG| GET:http://localhost/TEK.SeatPlan.WebApi/api/employee

2017-07-27 11:04:47 DEBUG| GET:http://localhost/TEK.SeatPlan.WebApi/api/version

2017-07-27 11:04:47 DEBUG| GET:http://localhost/TEK.SeatPlan.WebApi/api/employee

2017-07-27 11:09:28 DEBUG| GET:http://localhost/TEK.SeatPlan.WebApi/api/SeatLocation/0

2017-07-27 11:09:28 DEBUG| GET:http://localhost/TEK.SeatPlan.WebApi/api/project
2017-07-27 11:09:28 INFO | Get all project called - find in repo

2017-07-27 11:09:28 DEBUG| GET:http://localhost/TEK.SeatPlan.WebApi/api/EmployeeStatus

2017-07-27 11:09:28 DEBUG| GET:http://localhost/TEK.SeatPlan.WebApi/api/employee
2017-07-27 11:09:28 INFO | 3 entities retrieved by user: CORPORATE\chewang
RootType: EmployeeStatus, details: TEK.SeatPlan.Entity.EmployeeStatus
2017-07-27 11:09:28 INFO | 206 entities retrieved by user: CORPORATE\chewang
RootType: Seat, details: TEK.SeatPlan.Entity.Seat

2017-07-27 11:10:53 DEBUG| GET:http://localhost/TEK.SeatPlan.WebApi/api/project
2017-07-27 11:10:53 INFO | Get all project called - find in repo

2017-07-27 11:10:57 DEBUG| GET:http://localhost/TEK.SeatPlan.WebApi/api/project

2017-07-27 11:10:57 DEBUG| GET:http://localhost/TEK.SeatPlan.WebApi/api/employee

2017-07-27 11:10:57 DEBUG| GET:http://localhost/TEK.SeatPlan.WebApi/api/employee

2017-07-27 11:11:03 DEBUG| PUT:http://localhost/TEK.SeatPlan.WebApi/api/project
2017-07-27 11:11:03 INFO | Project Name: AAT5, ID: 38 has been updated

2017-07-27 11:11:03 DEBUG| GET:http://localhost/TEK.SeatPlan.WebApi/api/project
2017-07-27 11:11:03 INFO | Get all project called - find in repo

2017-07-27 11:11:05 DEBUG| GET:http://localhost/TEK.SeatPlan.WebApi/api/project
2017-07-27 11:11:05 INFO | Get all project called - find in repo

2017-07-27 11:11:05 DEBUG| GET:http://localhost/TEK.SeatPlan.WebApi/api/employee

2017-07-27 11:11:05 DEBUG| GET:http://localhost/TEK.SeatPlan.WebApi/api/employee

2017-07-27 11:11:09 DEBUG| PUT:http://localhost/TEK.SeatPlan.WebApi/api/project
2017-07-27 11:11:09 INFO | Project Name: AAT5, ID: 38 has been updated

2017-07-27 11:11:09 DEBUG| GET:http://localhost/TEK.SeatPlan.WebApi/api/project
2017-07-27 11:11:09 INFO | Get all project called - find in repo

2017-07-27 11:11:22 DEBUG| GET:http://localhost/TEK.SeatPlan.WebApi/api/project

2017-07-27 11:11:22 INFO | Get all project called - find in repo
2017-07-27 11:11:22 DEBUG| GET:http://localhost/TEK.SeatPlan.WebApi/api/employee

2017-07-27 11:11:22 DEBUG| GET:http://localhost/TEK.SeatPlan.WebApi/api/employee

2017-07-27 11:11:42 DEBUG| POST:http://localhost/TEK.SeatPlan.WebApi/api/project
2017-07-27 11:11:42 FATAL| F2D609FF | System.ArgumentOutOfRangeException: System.ArgumentOutOfRangeException: Index and length must refer to a location within the string.
Parameter name: length
   at System.String.Substring(Int32 startIndex, Int32 length)
   at TEK.SeatPlan.BusinessLogic.DataComponents.ProjectComponent.CreateProject(Project project) in C:\Source\SeatPlan\Src\Backend\SourceCode\TEK.SeatPlan.BusinessLogic\DataComponents\ProjectComponent.cs:line 51
   at TEK.SeatPlan.WebApi.Controllers.ProjectController.Post(Project project) in C:\Source\SeatPlan\Src\Backend\SourceCode\TEK.SeatPlan.WebApi\Controllers\ProjectController.cs:line 31
   at lambda_method(Closure , Object , Object[] )
   at System.Web.Http.Controllers.ReflectedHttpActionDescriptor.ActionExecutor.<>c__DisplayClass10.<GetExecutor>b__9(Object instance, Object[] methodParameters)
   at System.Web.Http.Controllers.ReflectedHttpActionDescriptor.ExecuteAsync(HttpControllerContext controllerContext, IDictionary`2 arguments, CancellationToken cancellationToken)
--- End of stack trace from previous location where exception was thrown ---
   at System.Runtime.ExceptionServices.ExceptionDispatchInfo.Throw()
   at System.Runtime.CompilerServices.TaskAwaiter.HandleNonSuccessAndDebuggerNotification(Task task)
   at System.Web.Http.Controllers.ApiControllerActionInvoker.<InvokeActionAsyncCore>d__0.MoveNext()
--- End of stack trace from previous location where exception was thrown ---
   at System.Runtime.ExceptionServices.ExceptionDispatchInfo.Throw()
   at System.Runtime.CompilerServices.TaskAwaiter.HandleNonSuccessAndDebuggerNotification(Task task)
   at System.Web.Http.Controllers.ActionFilterResult.<ExecuteAsync>d__2.MoveNext()
--- End of stack trace from previous location where exception was thrown ---
   at System.Runtime.ExceptionServices.ExceptionDispatchInfo.Throw()
   at System.Runtime.CompilerServices.TaskAwaiter.HandleNonSuccessAndDebuggerNotification(Task task)
   at System.Web.Http.Filters.AuthorizationFilterAttribute.<ExecuteAuthorizationFilterAsyncCore>d__2.MoveNext()
--- End of stack trace from previous location where exception was thrown ---
   at System.Runtime.ExceptionServices.ExceptionDispatchInfo.Throw()
   at System.Runtime.CompilerServices.TaskAwaiter.HandleNonSuccessAndDebuggerNotification(Task task)
   at System.Web.Http.Dispatcher.HttpControllerDispatcher.<SendAsync>d__1.MoveNext()

2017-07-27 11:11:44 DEBUG| POST:http://localhost/TEK.SeatPlan.WebApi/api/project
2017-07-27 11:11:44 FATAL| EEFF937C | System.ArgumentOutOfRangeException: System.ArgumentOutOfRangeException: Index and length must refer to a location within the string.
Parameter name: length
   at System.String.Substring(Int32 startIndex, Int32 length)
   at TEK.SeatPlan.BusinessLogic.DataComponents.ProjectComponent.CreateProject(Project project) in C:\Source\SeatPlan\Src\Backend\SourceCode\TEK.SeatPlan.BusinessLogic\DataComponents\ProjectComponent.cs:line 46
   at TEK.SeatPlan.WebApi.Controllers.ProjectController.Post(Project project) in C:\Source\SeatPlan\Src\Backend\SourceCode\TEK.SeatPlan.WebApi\Controllers\ProjectController.cs:line 31
   at lambda_method(Closure , Object , Object[] )
   at System.Web.Http.Controllers.ReflectedHttpActionDescriptor.ActionExecutor.<>c__DisplayClass10.<GetExecutor>b__9(Object instance, Object[] methodParameters)
   at System.Web.Http.Controllers.ReflectedHttpActionDescriptor.ExecuteAsync(HttpControllerContext controllerContext, IDictionary`2 arguments, CancellationToken cancellationToken)
--- End of stack trace from previous location where exception was thrown ---
   at System.Runtime.ExceptionServices.ExceptionDispatchInfo.Throw()
   at System.Runtime.CompilerServices.TaskAwaiter.HandleNonSuccessAndDebuggerNotification(Task task)
   at System.Web.Http.Controllers.ApiControllerActionInvoker.<InvokeActionAsyncCore>d__0.MoveNext()
--- End of stack trace from previous location where exception was thrown ---
   at System.Runtime.ExceptionServices.ExceptionDispatchInfo.Throw()
   at System.Runtime.CompilerServices.TaskAwaiter.HandleNonSuccessAndDebuggerNotification(Task task)
   at System.Web.Http.Controllers.ActionFilterResult.<ExecuteAsync>d__2.MoveNext()
--- End of stack trace from previous location where exception was thrown ---
   at System.Runtime.ExceptionServices.ExceptionDispatchInfo.Throw()
   at System.Runtime.CompilerServices.TaskAwaiter.HandleNonSuccessAndDebuggerNotification(Task task)
   at System.Web.Http.Filters.AuthorizationFilterAttribute.<ExecuteAuthorizationFilterAsyncCore>d__2.MoveNext()
--- End of stack trace from previous location where exception was thrown ---
   at System.Runtime.ExceptionServices.ExceptionDispatchInfo.Throw()
   at System.Runtime.CompilerServices.TaskAwaiter.HandleNonSuccessAndDebuggerNotification(Task task)
   at System.Web.Http.Dispatcher.HttpControllerDispatcher.<SendAsync>d__1.MoveNext()

2017-07-27 11:15:36 DEBUG| GET:http://localhost/TEK.SeatPlan.WebApi/api/version

2017-07-27 11:15:37 DEBUG| GET:http://localhost/TEK.SeatPlan.WebApi/api/project
2017-07-27 11:15:37 INFO | Get all project called - find in repo

2017-07-27 11:15:41 DEBUG| GET:http://localhost/TEK.SeatPlan.WebApi/api/project
2017-07-27 11:15:41 INFO | Get all project called - find in repo

2017-07-27 11:15:41 DEBUG| GET:http://localhost/TEK.SeatPlan.WebApi/api/employee

2017-07-27 11:15:42 DEBUG| GET:http://localhost/TEK.SeatPlan.WebApi/api/employee

2017-07-27 11:15:51 DEBUG| POST:http://localhost/TEK.SeatPlan.WebApi/api/project
2017-07-27 11:15:52 INFO | Color for project has been picked from color library.
2017-07-27 11:15:52 INFO | Project created with Name: AT

2017-07-27 11:15:52 DEBUG| GET:http://localhost/TEK.SeatPlan.WebApi/api/project
2017-07-27 11:15:52 INFO | Get all project called - find in repo

2017-07-27 11:15:59 DEBUG| GET:http://localhost/TEK.SeatPlan.WebApi/api/project
2017-07-27 11:15:59 INFO | Get all project called - find in repo

2017-07-27 11:15:59 DEBUG| GET:http://localhost/TEK.SeatPlan.WebApi/api/employee

2017-07-27 11:15:59 DEBUG| GET:http://localhost/TEK.SeatPlan.WebApi/api/employee

2017-07-27 11:16:10 DEBUG| POST:http://localhost/TEK.SeatPlan.WebApi/api/project
2017-07-27 11:16:10 INFO | Color for project has been picked from color library.
2017-07-27 11:16:10 INFO | Project created with Name: AAT

2017-07-27 11:16:10 DEBUG| GET:http://localhost/TEK.SeatPlan.WebApi/api/project
2017-07-27 11:16:10 INFO | Get all project called - find in repo

2017-07-27 11:20:01 DEBUG| GET:http://localhost/TEK.SeatPlan.WebApi/api/version

2017-07-27 11:20:01 DEBUG| GET:http://localhost/TEK.SeatPlan.WebApi/api/project
2017-07-27 11:20:01 INFO | Get all project called - find in repo

2017-07-27 11:43:40 DEBUG| GET:http://localhost/TEK.SeatPlan.WebApi/api/version

2017-07-27 11:43:41 DEBUG| GET:http://localhost/TEK.SeatPlan.WebApi/api/project
2017-07-27 11:43:41 INFO | Get all project called - find in repo

2017-07-27 11:44:45 DEBUG| GET:http://localhost/TEK.SeatPlan.WebApi/api/version

2017-07-27 11:44:45 DEBUG| GET:http://localhost/TEK.SeatPlan.WebApi/api/project
2017-07-27 11:44:45 INFO | Get all project called - find in repo

2017-07-27 11:45:09 DEBUG| GET:http://localhost/TEK.SeatPlan.WebApi/api/version

2017-07-27 11:45:09 DEBUG| GET:http://localhost/TEK.SeatPlan.WebApi/api/project
2017-07-27 11:45:09 INFO | Get all project called - find in repo

2017-07-27 13:11:19 DEBUG| GET:http://localhost/TEK.SeatPlan.WebApi/api/version

2017-07-27 13:11:19 DEBUG| GET:http://localhost/TEK.SeatPlan.WebApi/api/project
2017-07-27 13:11:19 INFO | Get all project called - find in repo

2017-07-27 13:23:32 DEBUG| GET:http://localhost/TEK.SeatPlan.WebApi/api/version

2017-07-27 13:23:32 DEBUG| GET:http://localhost/TEK.SeatPlan.WebApi/api/project
2017-07-27 13:23:32 INFO | Get all project called - find in repo

2017-07-27 13:26:57 DEBUG| GET:http://localhost/TEK.SeatPlan.WebApi/api/version

2017-07-27 13:26:57 DEBUG| GET:http://localhost/TEK.SeatPlan.WebApi/api/project
2017-07-27 13:26:57 INFO | Get all project called - find in repo

2017-07-27 13:27:10 DEBUG| GET:http://localhost/TEK.SeatPlan.WebApi/api/version

2017-07-27 13:27:10 DEBUG| GET:http://localhost/TEK.SeatPlan.WebApi/api/project
2017-07-27 13:27:10 INFO | Get all project called - find in repo

2017-07-27 15:21:19 DEBUG| GET:http://localhost/TEK.SeatPlan.WebApi/api/version

2017-07-27 15:21:20 DEBUG| GET:http://localhost/TEK.SeatPlan.WebApi/api/project
2017-07-27 15:21:20 INFO | Get all project called - find in repo

2017-07-27 15:22:14 DEBUG| GET:http://localhost/TEK.SeatPlan.WebApi/api/version

2017-07-27 15:22:15 DEBUG| GET:http://localhost/TEK.SeatPlan.WebApi/api/project
2017-07-27 15:22:15 INFO | Get all project called - find in repo

2017-07-27 15:22:55 DEBUG| GET:http://localhost/TEK.SeatPlan.WebApi/api/version

2017-07-27 15:22:56 DEBUG| GET:http://localhost/TEK.SeatPlan.WebApi/api/project
2017-07-27 15:22:56 INFO | Get all project called - find in repo

2017-07-27 15:25:36 DEBUG| GET:http://localhost/TEK.SeatPlan.WebApi/api/version

2017-07-27 15:25:36 DEBUG| GET:http://localhost/TEK.SeatPlan.WebApi/api/project
2017-07-27 15:25:36 INFO | Get all project called - find in repo

2017-07-27 15:29:49 DEBUG| GET:http://localhost/TEK.SeatPlan.WebApi/api/version

2017-07-27 15:29:49 DEBUG| GET:http://localhost/TEK.SeatPlan.WebApi/api/project
2017-07-27 15:29:49 INFO | Get all project called - find in repo

2017-07-27 15:32:08 DEBUG| GET:http://localhost/TEK.SeatPlan.WebApi/api/version

2017-07-27 15:32:08 DEBUG| GET:http://localhost/TEK.SeatPlan.WebApi/api/project
2017-07-27 15:32:08 INFO | Get all project called - find in repo

2017-07-27 15:33:18 DEBUG| GET:http://localhost/TEK.SeatPlan.WebApi/api/version

2017-07-27 15:33:18 DEBUG| GET:http://localhost/TEK.SeatPlan.WebApi/api/project
2017-07-27 15:33:18 INFO | Get all project called - find in repo
