
2017-08-03 10:44:41 DEBUG| GET:http://localhost/TEK.SeatPlan.WebApi/api/version

2017-08-03 10:44:42 DEBUG| GET:http://localhost/TEK.SeatPlan.WebApi/api/SeatChangeLog


2017-08-03 10:44:42 DEBUG| GET:http://localhost/TEK.SeatPlan.WebApi/api/location
2017-08-03 10:44:42 DEBUG| GET:http://localhost/TEK.SeatPlan.WebApi/api/employee

2017-08-03 10:44:43 DEBUG| GET:http://localhost/TEK.SeatPlan.WebApi/api/version

2017-08-03 10:44:44 DEBUG| GET:http://localhost/TEK.SeatPlan.WebApi/api/SeatChangeLog

2017-08-03 10:44:44 DEBUG| GET:http://localhost/TEK.SeatPlan.WebApi/api/location

2017-08-03 10:44:44 DEBUG| GET:http://localhost/TEK.SeatPlan.WebApi/api/employee
2017-08-03 10:44:45 INFO | 2 entities retrieved by user: CORPORATE\chewang
RootType: Location, details: TEK.SeatPlan.Entity.Location

2017-08-03 10:44:45 DEBUG| GET:http://localhost/TEK.SeatPlan.WebApi/api/ProjectLocation/2

2017-08-03 10:44:45 DEBUG| GET:http://localhost/TEK.SeatPlan.WebApi/api/SeatLocation/2
2017-08-03 10:44:45 INFO | 98 entities retrieved by user: CORPORATE\chewang
RootType: Seat, details: TEK.SeatPlan.Entity.Seat
2017-08-03 10:44:45 INFO | 69 entities retrieved by user: CORPORATE\chewang
RootType: Seat, details: TEK.SeatPlan.Entity.Seat
2017-08-03 10:44:45 INFO | 3 entities retrieved by user: CORPORATE\chewang
RootType: SeatChangeLog, details: TEK.SeatPlan.Entity.SeatChangeLog

2017-08-03 10:45:02 DEBUG| PUT:http://localhost/TEK.SeatPlan.WebApi/api/Email

2017-08-03 10:45:02 DEBUG| GET:http://localhost/TEK.SeatPlan.WebApi/api/employee

2017-08-03 10:45:02 DEBUG| GET:http://localhost/TEK.SeatPlan.WebApi/api/employee

2017-08-03 10:45:02 DEBUG| GET:http://localhost/TEK.SeatPlan.WebApi/api/employee

2017-08-03 10:45:02 DEBUG| GET:http://localhost/TEK.SeatPlan.WebApi/api/employee

2017-08-03 10:45:14 DEBUG| PUT:http://localhost/TEK.SeatPlan.WebApi/api/Email

2017-08-03 10:45:14 DEBUG| GET:http://localhost/TEK.SeatPlan.WebApi/api/employee

2017-08-03 10:45:14 DEBUG| GET:http://localhost/TEK.SeatPlan.WebApi/api/employee

2017-08-03 10:45:14 DEBUG| GET:http://localhost/TEK.SeatPlan.WebApi/api/employee

2017-08-03 10:45:14 DEBUG| GET:http://localhost/TEK.SeatPlan.WebApi/api/employee

2017-08-03 10:45:29 DEBUG| GET:http://localhost/TEK.SeatPlan.WebApi/api/version

2017-08-03 10:45:29 DEBUG| GET:http://localhost/TEK.SeatPlan.WebApi/api/SeatChangeLog
2017-08-03 10:45:29 INFO | 3 entities retrieved by user: CORPORATE\chewang
RootType: SeatChangeLog, details: TEK.SeatPlan.Entity.SeatChangeLog

2017-08-03 10:45:29 DEBUG| GET:http://localhost/TEK.SeatPlan.WebApi/api/location

2017-08-03 10:45:29 DEBUG| GET:http://localhost/TEK.SeatPlan.WebApi/api/employee
2017-08-03 10:45:29 INFO | 2 entities retrieved by user: CORPORATE\chewang
RootType: Location, details: TEK.SeatPlan.Entity.Location

2017-08-03 10:45:30 DEBUG| GET:http://localhost/TEK.SeatPlan.WebApi/api/ProjectLocation/2

2017-08-03 10:45:30 DEBUG| GET:http://localhost/TEK.SeatPlan.WebApi/api/SeatLocation/2
2017-08-03 10:45:30 INFO | 69 entities retrieved by user: CORPORATE\chewang
RootType: Seat, details: TEK.SeatPlan.Entity.Seat
2017-08-03 10:45:30 INFO | 98 entities retrieved by user: CORPORATE\chewang
RootType: Seat, details: TEK.SeatPlan.Entity.Seat

2017-08-03 10:45:32 DEBUG| GET:http://localhost/TEK.SeatPlan.WebApi/api/employee

2017-08-03 10:45:35 DEBUG| GET:http://localhost/TEK.SeatPlan.WebApi/api/employee

2017-08-03 10:45:35 DEBUG| GET:http://localhost/TEK.SeatPlan.WebApi/api/SeatChangeLog

2017-08-03 10:45:35 DEBUG| GET:http://localhost/TEK.SeatPlan.WebApi/api/location
2017-08-03 10:45:35 INFO | 2 entities retrieved by user: CORPORATE\chewang
RootType: Location, details: TEK.SeatPlan.Entity.Location
2017-08-03 10:45:35 INFO | 3 entities retrieved by user: CORPORATE\chewang
RootType: SeatChangeLog, details: TEK.SeatPlan.Entity.SeatChangeLog

2017-08-03 10:45:35 DEBUG| GET:http://localhost/TEK.SeatPlan.WebApi/api/SeatLocation/2

2017-08-03 10:45:35 DEBUG| GET:http://localhost/TEK.SeatPlan.WebApi/api/ProjectLocation/2
2017-08-03 10:45:35 INFO | 69 entities retrieved by user: CORPORATE\chewang
RootType: Seat, details: TEK.SeatPlan.Entity.Seat
2017-08-03 10:45:35 INFO | 98 entities retrieved by user: CORPORATE\chewang
RootType: Seat, details: TEK.SeatPlan.Entity.Seat

2017-08-03 10:45:35 DEBUG| GET:http://localhost/TEK.SeatPlan.WebApi/api/ProjectLocation/2
2017-08-03 10:45:35 INFO | 69 entities retrieved by user: CORPORATE\chewang
RootType: Seat, details: TEK.SeatPlan.Entity.Seat

2017-08-03 10:45:39 DEBUG| PUT:http://localhost/TEK.SeatPlan.WebApi/api/Email

2017-08-03 10:45:41 DEBUG| GET:http://localhost/TEK.SeatPlan.WebApi/api/employee

2017-08-03 10:45:41 DEBUG| GET:http://localhost/TEK.SeatPlan.WebApi/api/employee

2017-08-03 10:45:41 DEBUG| GET:http://localhost/TEK.SeatPlan.WebApi/api/employee

2017-08-03 10:45:41 DEBUG| GET:http://localhost/TEK.SeatPlan.WebApi/api/employee

2017-08-03 10:45:49 DEBUG| PUT:http://localhost/TEK.SeatPlan.WebApi/api/Email

2017-08-03 10:45:49 DEBUG| GET:http://localhost/TEK.SeatPlan.WebApi/api/employee

2017-08-03 10:45:49 DEBUG| GET:http://localhost/TEK.SeatPlan.WebApi/api/employee

2017-08-03 10:45:49 DEBUG| GET:http://localhost/TEK.SeatPlan.WebApi/api/employee

2017-08-03 10:45:49 DEBUG| GET:http://localhost/TEK.SeatPlan.WebApi/api/employee

2017-08-03 10:48:03 DEBUG| PUT:http://localhost/TEK.SeatPlan.WebApi/api/Email

2017-08-03 10:48:03 DEBUG| GET:http://localhost/TEK.SeatPlan.WebApi/api/employee

2017-08-03 10:48:03 DEBUG| GET:http://localhost/TEK.SeatPlan.WebApi/api/employee

2017-08-03 10:48:03 DEBUG| GET:http://localhost/TEK.SeatPlan.WebApi/api/employee

2017-08-03 10:48:03 DEBUG| GET:http://localhost/TEK.SeatPlan.WebApi/api/employee

2017-08-03 10:48:21 DEBUG| GET:http://localhost/TEK.SeatPlan.WebApi/api/version

2017-08-03 10:48:21 DEBUG| GET:http://localhost/TEK.SeatPlan.WebApi/api/SeatChangeLog
2017-08-03 10:48:21 INFO | 3 entities retrieved by user: CORPORATE\chewang
RootType: SeatChangeLog, details: TEK.SeatPlan.Entity.SeatChangeLog

2017-08-03 10:48:21 DEBUG| GET:http://localhost/TEK.SeatPlan.WebApi/api/location
2017-08-03 10:48:21 INFO | 2 entities retrieved by user: CORPORATE\chewang
RootType: Location, details: TEK.SeatPlan.Entity.Location

2017-08-03 10:48:21 DEBUG| GET:http://localhost/TEK.SeatPlan.WebApi/api/employee

2017-08-03 10:48:21 DEBUG| GET:http://localhost/TEK.SeatPlan.WebApi/api/ProjectLocation/2

2017-08-03 10:48:21 DEBUG| GET:http://localhost/TEK.SeatPlan.WebApi/api/SeatLocation/2
2017-08-03 10:48:21 INFO | 69 entities retrieved by user: CORPORATE\chewang
RootType: Seat, details: TEK.SeatPlan.Entity.Seat
2017-08-03 10:48:21 INFO | 98 entities retrieved by user: CORPORATE\chewang
RootType: Seat, details: TEK.SeatPlan.Entity.Seat

2017-08-03 10:48:25 DEBUG| PUT:http://localhost/TEK.SeatPlan.WebApi/api/Email

2017-08-03 10:48:25 DEBUG| GET:http://localhost/TEK.SeatPlan.WebApi/api/employee

2017-08-03 10:48:25 DEBUG| GET:http://localhost/TEK.SeatPlan.WebApi/api/employee

2017-08-03 10:48:25 DEBUG| GET:http://localhost/TEK.SeatPlan.WebApi/api/employee

2017-08-03 10:48:25 DEBUG| GET:http://localhost/TEK.SeatPlan.WebApi/api/employee

2017-08-03 10:49:16 DEBUG| POST:http://localhost/TEK.SeatPlan.WebApi/api/seat
2017-08-03 10:49:16 DEBUG| Move employee with ID=[33] from seat [75] to seat [71] started
2017-08-03 10:49:16 DEBUG| Drag/Drop move employee with ID=[33] from seat [75] to seat [71] completed

2017-08-03 10:49:16 DEBUG| GET:http://localhost/TEK.SeatPlan.WebApi/api/SeatChangeLog
2017-08-03 10:49:16 INFO | 3 entities retrieved by user: CORPORATE\chewang
RootType: SeatChangeLog, details: TEK.SeatPlan.Entity.SeatChangeLog

2017-08-03 10:49:16 DEBUG| GET:http://localhost/TEK.SeatPlan.WebApi/api/SeatLocation/2
2017-08-03 10:49:16 INFO | 1 entities retrieved by user: CORPORATE\chewang
RootType: SeatChangeLog, details: TEK.SeatPlan.Entity.SeatChangeLog
2017-08-03 10:49:16 INFO | 98 entities retrieved by user: CORPORATE\chewang
RootType: Seat, details: TEK.SeatPlan.Entity.Seat

2017-08-03 10:49:19 DEBUG| POST:http://localhost/TEK.SeatPlan.WebApi/api/seat
2017-08-03 10:49:19 DEBUG| Move employee with ID=[15] from seat [77] to seat [81] started
2017-08-03 10:49:19 DEBUG| Drag/Drop move employee with ID=[15] from seat [77] to seat [81] completed

2017-08-03 10:49:19 DEBUG| GET:http://localhost/TEK.SeatPlan.WebApi/api/SeatChangeLog
2017-08-03 10:49:19 INFO | 3 entities retrieved by user: CORPORATE\chewang
RootType: SeatChangeLog, details: TEK.SeatPlan.Entity.SeatChangeLog
2017-08-03 10:49:19 INFO | 2 entities retrieved by user: CORPORATE\chewang
RootType: SeatChangeLog, details: TEK.SeatPlan.Entity.SeatChangeLog

2017-08-03 10:49:20 DEBUG| GET:http://localhost/TEK.SeatPlan.WebApi/api/SeatLocation/2
2017-08-03 10:49:20 INFO | 98 entities retrieved by user: CORPORATE\chewang
RootType: Seat, details: TEK.SeatPlan.Entity.Seat

2017-08-03 10:49:26 DEBUG| PUT:http://localhost/TEK.SeatPlan.WebApi/api/Email

2017-08-03 10:49:26 DEBUG| GET:http://localhost/TEK.SeatPlan.WebApi/api/employee

2017-08-03 10:49:26 DEBUG| GET:http://localhost/TEK.SeatPlan.WebApi/api/employee

2017-08-03 10:49:27 DEBUG| GET:http://localhost/TEK.SeatPlan.WebApi/api/employee

2017-08-03 10:49:27 DEBUG| GET:http://localhost/TEK.SeatPlan.WebApi/api/employee

2017-08-03 10:49:39 DEBUG| GET:http://localhost/TEK.SeatPlan.WebApi/api/version

2017-08-03 10:49:39 DEBUG| GET:http://localhost/TEK.SeatPlan.WebApi/api/SeatChangeLog
2017-08-03 10:49:39 INFO | 3 entities retrieved by user: CORPORATE\chewang
RootType: SeatChangeLog, details: TEK.SeatPlan.Entity.SeatChangeLog
2017-08-03 10:49:39 INFO | 2 entities retrieved by user: CORPORATE\chewang
RootType: SeatChangeLog, details: TEK.SeatPlan.Entity.SeatChangeLog

2017-08-03 10:49:39 DEBUG| GET:http://localhost/TEK.SeatPlan.WebApi/api/location

2017-08-03 10:49:39 DEBUG| GET:http://localhost/TEK.SeatPlan.WebApi/api/employee
2017-08-03 10:49:39 INFO | 2 entities retrieved by user: CORPORATE\chewang
RootType: Location, details: TEK.SeatPlan.Entity.Location

2017-08-03 10:49:40 DEBUG| GET:http://localhost/TEK.SeatPlan.WebApi/api/ProjectLocation/2

2017-08-03 10:49:40 DEBUG| GET:http://localhost/TEK.SeatPlan.WebApi/api/SeatLocation/2
2017-08-03 10:49:40 INFO | 69 entities retrieved by user: CORPORATE\chewang
RootType: Seat, details: TEK.SeatPlan.Entity.Seat
2017-08-03 10:49:40 INFO | 98 entities retrieved by user: CORPORATE\chewang
RootType: Seat, details: TEK.SeatPlan.Entity.Seat

2017-08-03 10:49:53 DEBUG| PUT:http://localhost/TEK.SeatPlan.WebApi/api/Email

2017-08-03 10:49:55 DEBUG| GET:http://localhost/TEK.SeatPlan.WebApi/api/employee

2017-08-03 10:49:55 DEBUG| GET:http://localhost/TEK.SeatPlan.WebApi/api/employee

2017-08-03 10:49:55 DEBUG| GET:http://localhost/TEK.SeatPlan.WebApi/api/employee

2017-08-03 10:49:55 DEBUG| GET:http://localhost/TEK.SeatPlan.WebApi/api/employee

2017-08-03 10:49:58 DEBUG| POST:http://localhost/TEK.SeatPlan.WebApi/api/seat
2017-08-03 10:49:58 DEBUG| Move employee with ID=[33] from seat [71] to seat [75] started
2017-08-03 10:49:58 DEBUG| Drag/Drop move employee with ID=[33] from seat [71] to seat [75] completed

2017-08-03 10:49:58 DEBUG| GET:http://localhost/TEK.SeatPlan.WebApi/api/SeatChangeLog
2017-08-03 10:49:58 INFO | 3 entities retrieved by user: CORPORATE\chewang
RootType: SeatChangeLog, details: TEK.SeatPlan.Entity.SeatChangeLog

2017-08-03 10:49:58 INFO | 3 entities retrieved by user: CORPORATE\chewang
RootType: SeatChangeLog, details: TEK.SeatPlan.Entity.SeatChangeLog
2017-08-03 10:49:58 DEBUG| GET:http://localhost/TEK.SeatPlan.WebApi/api/SeatLocation/2
2017-08-03 10:49:58 INFO | 98 entities retrieved by user: CORPORATE\chewang
RootType: Seat, details: TEK.SeatPlan.Entity.Seat

2017-08-03 10:50:03 DEBUG| POST:http://localhost/TEK.SeatPlan.WebApi/api/seat
2017-08-03 10:50:03 DEBUG| Move employee with ID=[33] from seat [75] to seat [71] started
2017-08-03 10:50:03 DEBUG| Drag/Drop move employee with ID=[33] from seat [75] to seat [71] completed

2017-08-03 10:50:03 DEBUG| GET:http://localhost/TEK.SeatPlan.WebApi/api/SeatChangeLog
2017-08-03 10:50:03 INFO | 3 entities retrieved by user: CORPORATE\chewang
RootType: SeatChangeLog, details: TEK.SeatPlan.Entity.SeatChangeLog
2017-08-03 10:50:03 INFO | 4 entities retrieved by user: CORPORATE\chewang
RootType: SeatChangeLog, details: TEK.SeatPlan.Entity.SeatChangeLog

2017-08-03 10:50:04 DEBUG| GET:http://localhost/TEK.SeatPlan.WebApi/api/SeatLocation/2
2017-08-03 10:50:04 INFO | 98 entities retrieved by user: CORPORATE\chewang
RootType: Seat, details: TEK.SeatPlan.Entity.Seat

2017-08-03 10:50:08 DEBUG| GET:http://localhost/TEK.SeatPlan.WebApi/api/employee

2017-08-03 10:50:08 DEBUG| PUT:http://localhost/TEK.SeatPlan.WebApi/api/Email

2017-08-03 10:50:08 DEBUG| GET:http://localhost/TEK.SeatPlan.WebApi/api/employee

2017-08-03 10:50:09 DEBUG| GET:http://localhost/TEK.SeatPlan.WebApi/api/employee

2017-08-03 10:50:09 DEBUG| GET:http://localhost/TEK.SeatPlan.WebApi/api/employee

2017-08-03 10:50:19 DEBUG| GET:http://localhost/TEK.SeatPlan.WebApi/api/version

2017-08-03 10:50:19 DEBUG| GET:http://localhost/TEK.SeatPlan.WebApi/api/SeatChangeLog
2017-08-03 10:50:19 INFO | 3 entities retrieved by user: CORPORATE\chewang
RootType: SeatChangeLog, details: TEK.SeatPlan.Entity.SeatChangeLog

2017-08-03 10:50:19 DEBUG| GET:http://localhost/TEK.SeatPlan.WebApi/api/location
2017-08-03 10:50:19 INFO | 4 entities retrieved by user: CORPORATE\chewang
RootType: SeatChangeLog, details: TEK.SeatPlan.Entity.SeatChangeLog
2017-08-03 10:50:19 INFO | 2 entities retrieved by user: CORPORATE\chewang
RootType: Location, details: TEK.SeatPlan.Entity.Location

2017-08-03 10:50:19 DEBUG| GET:http://localhost/TEK.SeatPlan.WebApi/api/employee

2017-08-03 10:50:19 DEBUG| GET:http://localhost/TEK.SeatPlan.WebApi/api/ProjectLocation/2

2017-08-03 10:50:19 DEBUG| GET:http://localhost/TEK.SeatPlan.WebApi/api/SeatLocation/2
2017-08-03 10:50:19 INFO | 69 entities retrieved by user: CORPORATE\chewang
RootType: Seat, details: TEK.SeatPlan.Entity.Seat
2017-08-03 10:50:19 INFO | 98 entities retrieved by user: CORPORATE\chewang
RootType: Seat, details: TEK.SeatPlan.Entity.Seat

2017-08-03 10:50:22 DEBUG| POST:http://localhost/TEK.SeatPlan.WebApi/api/seat
2017-08-03 10:50:22 DEBUG| Move employee with ID=[86] from seat [65] to seat [66] started
2017-08-03 10:50:22 DEBUG| Drag/Drop move employee with ID=[86] from seat [65] to seat [66] completed

2017-08-03 10:50:22 DEBUG| GET:http://localhost/TEK.SeatPlan.WebApi/api/SeatChangeLog
2017-08-03 10:50:22 INFO | 3 entities retrieved by user: CORPORATE\chewang
RootType: SeatChangeLog, details: TEK.SeatPlan.Entity.SeatChangeLog
2017-08-03 10:50:22 INFO | 5 entities retrieved by user: CORPORATE\chewang
RootType: SeatChangeLog, details: TEK.SeatPlan.Entity.SeatChangeLog

2017-08-03 10:50:22 DEBUG| GET:http://localhost/TEK.SeatPlan.WebApi/api/SeatLocation/2
2017-08-03 10:50:22 INFO | 98 entities retrieved by user: CORPORATE\chewang
RootType: Seat, details: TEK.SeatPlan.Entity.Seat

2017-08-03 10:50:23 DEBUG| POST:http://localhost/TEK.SeatPlan.WebApi/api/seat
2017-08-03 10:50:23 DEBUG| Move employee with ID=[69] from seat [64] to seat [67] started
2017-08-03 10:50:23 DEBUG| Drag/Drop move employee with ID=[69] from seat [64] to seat [67] completed

2017-08-03 10:50:23 DEBUG| GET:http://localhost/TEK.SeatPlan.WebApi/api/SeatChangeLog
2017-08-03 10:50:23 INFO | 3 entities retrieved by user: CORPORATE\chewang
RootType: SeatChangeLog, details: TEK.SeatPlan.Entity.SeatChangeLog
2017-08-03 10:50:23 INFO | 6 entities retrieved by user: CORPORATE\chewang
RootType: SeatChangeLog, details: TEK.SeatPlan.Entity.SeatChangeLog

2017-08-03 10:50:25 DEBUG| GET:http://localhost/TEK.SeatPlan.WebApi/api/SeatLocation/2
2017-08-03 10:50:25 INFO | 98 entities retrieved by user: CORPORATE\chewang
RootType: Seat, details: TEK.SeatPlan.Entity.Seat

2017-08-03 10:50:34 DEBUG| PUT:http://localhost/TEK.SeatPlan.WebApi/api/Email

2017-08-03 10:50:34 DEBUG| GET:http://localhost/TEK.SeatPlan.WebApi/api/employee

2017-08-03 10:50:34 DEBUG| GET:http://localhost/TEK.SeatPlan.WebApi/api/employee

2017-08-03 10:50:34 DEBUG| GET:http://localhost/TEK.SeatPlan.WebApi/api/employee

2017-08-03 10:50:34 DEBUG| GET:http://localhost/TEK.SeatPlan.WebApi/api/employee

2017-08-03 10:50:40 DEBUG| POST:http://localhost/TEK.SeatPlan.WebApi/api/seat
2017-08-03 10:50:40 DEBUG| Move employee with ID=[82] from seat [63] to seat [64] started
2017-08-03 10:50:40 DEBUG| Drag/Drop move employee with ID=[82] from seat [63] to seat [64] completed

2017-08-03 10:50:40 DEBUG| GET:http://localhost/TEK.SeatPlan.WebApi/api/SeatChangeLog
2017-08-03 10:50:40 INFO | 3 entities retrieved by user: CORPORATE\chewang
RootType: SeatChangeLog, details: TEK.SeatPlan.Entity.SeatChangeLog
2017-08-03 10:50:40 INFO | 7 entities retrieved by user: CORPORATE\chewang
RootType: SeatChangeLog, details: TEK.SeatPlan.Entity.SeatChangeLog

2017-08-03 10:50:40 DEBUG| GET:http://localhost/TEK.SeatPlan.WebApi/api/SeatLocation/2
2017-08-03 10:50:40 INFO | 98 entities retrieved by user: CORPORATE\chewang
RootType: Seat, details: TEK.SeatPlan.Entity.Seat

2017-08-03 10:50:45 DEBUG| PUT:http://localhost/TEK.SeatPlan.WebApi/api/Email

2017-08-03 10:50:45 DEBUG| GET:http://localhost/TEK.SeatPlan.WebApi/api/employee

2017-08-03 10:50:45 DEBUG| GET:http://localhost/TEK.SeatPlan.WebApi/api/employee

2017-08-03 10:50:45 DEBUG| GET:http://localhost/TEK.SeatPlan.WebApi/api/employee

2017-08-03 10:50:45 DEBUG| GET:http://localhost/TEK.SeatPlan.WebApi/api/employee

2017-08-03 10:55:14 DEBUG| GET:http://localhost/TEK.SeatPlan.WebApi/api/version

2017-08-03 10:55:14 DEBUG| GET:http://localhost/TEK.SeatPlan.WebApi/api/SeatChangeLog

2017-08-03 10:55:14 DEBUG| GET:http://localhost/TEK.SeatPlan.WebApi/api/location

2017-08-03 10:55:14 DEBUG| GET:http://localhost/TEK.SeatPlan.WebApi/api/employee
2017-08-03 10:55:14 INFO | 3 entities retrieved by user: CORPORATE\chewang
RootType: SeatChangeLog, details: TEK.SeatPlan.Entity.SeatChangeLog
2017-08-03 10:55:14 INFO | 2 entities retrieved by user: CORPORATE\chewang
RootType: Location, details: TEK.SeatPlan.Entity.Location
2017-08-03 10:55:14 INFO | 7 entities retrieved by user: CORPORATE\chewang
RootType: SeatChangeLog, details: TEK.SeatPlan.Entity.SeatChangeLog

2017-08-03 10:55:14 DEBUG| GET:http://localhost/TEK.SeatPlan.WebApi/api/SeatLocation/2

2017-08-03 10:55:14 DEBUG| GET:http://localhost/TEK.SeatPlan.WebApi/api/ProjectLocation/2
2017-08-03 10:55:14 INFO | 98 entities retrieved by user: CORPORATE\chewang
RootType: Seat, details: TEK.SeatPlan.Entity.Seat
2017-08-03 10:55:14 INFO | 69 entities retrieved by user: CORPORATE\chewang
RootType: Seat, details: TEK.SeatPlan.Entity.Seat

2017-08-03 10:55:25 DEBUG| GET:http://localhost/TEK.SeatPlan.WebApi/api/version

2017-08-03 10:55:26 DEBUG| GET:http://localhost/TEK.SeatPlan.WebApi/api/SeatChangeLog
2017-08-03 10:55:26 INFO | 3 entities retrieved by user: CORPORATE\chewang
RootType: SeatChangeLog, details: TEK.SeatPlan.Entity.SeatChangeLog
2017-08-03 10:55:26 INFO | 7 entities retrieved by user: CORPORATE\chewang
RootType: SeatChangeLog, details: TEK.SeatPlan.Entity.SeatChangeLog

2017-08-03 10:55:26 DEBUG| GET:http://localhost/TEK.SeatPlan.WebApi/api/location
2017-08-03 10:55:26 INFO | 2 entities retrieved by user: CORPORATE\chewang
RootType: Location, details: TEK.SeatPlan.Entity.Location

2017-08-03 10:55:26 DEBUG| GET:http://localhost/TEK.SeatPlan.WebApi/api/employee

2017-08-03 10:55:26 DEBUG| GET:http://localhost/TEK.SeatPlan.WebApi/api/ProjectLocation/2

2017-08-03 10:55:26 DEBUG| GET:http://localhost/TEK.SeatPlan.WebApi/api/SeatLocation/2
2017-08-03 10:55:26 INFO | 69 entities retrieved by user: CORPORATE\chewang
RootType: Seat, details: TEK.SeatPlan.Entity.Seat
2017-08-03 10:55:26 INFO | 98 entities retrieved by user: CORPORATE\chewang
RootType: Seat, details: TEK.SeatPlan.Entity.Seat

2017-08-03 10:59:05 DEBUG| GET:http://localhost/TEK.SeatPlan.WebApi/api/version

2017-08-03 10:59:05 DEBUG| GET:http://localhost/TEK.SeatPlan.WebApi/api/SeatChangeLog
2017-08-03 10:59:05 INFO | 3 entities retrieved by user: CORPORATE\chewang
RootType: SeatChangeLog, details: TEK.SeatPlan.Entity.SeatChangeLog

2017-08-03 10:59:06 DEBUG| GET:http://localhost/TEK.SeatPlan.WebApi/api/employee
2017-08-03 10:59:06 INFO | 7 entities retrieved by user: CORPORATE\chewang
RootType: SeatChangeLog, details: TEK.SeatPlan.Entity.SeatChangeLog

2017-08-03 10:59:06 DEBUG| GET:http://localhost/TEK.SeatPlan.WebApi/api/location
2017-08-03 10:59:06 INFO | 2 entities retrieved by user: CORPORATE\chewang
RootType: Location, details: TEK.SeatPlan.Entity.Location

2017-08-03 10:59:06 DEBUG| GET:http://localhost/TEK.SeatPlan.WebApi/api/ProjectLocation/2

2017-08-03 10:59:06 DEBUG| GET:http://localhost/TEK.SeatPlan.WebApi/api/SeatLocation/2
2017-08-03 10:59:06 INFO | 69 entities retrieved by user: CORPORATE\chewang
RootType: Seat, details: TEK.SeatPlan.Entity.Seat
2017-08-03 10:59:06 INFO | 98 entities retrieved by user: CORPORATE\chewang
RootType: Seat, details: TEK.SeatPlan.Entity.Seat

2017-08-03 10:59:15 DEBUG| POST:http://localhost/TEK.SeatPlan.WebApi/api/seat
2017-08-03 10:59:15 DEBUG| Move employee with ID=[82] from seat [64] to seat [63] started
2017-08-03 10:59:15 DEBUG| Drag/Drop move employee with ID=[82] from seat [64] to seat [63] completed

2017-08-03 10:59:15 DEBUG| GET:http://localhost/TEK.SeatPlan.WebApi/api/SeatChangeLog
2017-08-03 10:59:15 INFO | 3 entities retrieved by user: CORPORATE\chewang
RootType: SeatChangeLog, details: TEK.SeatPlan.Entity.SeatChangeLog

2017-08-03 10:59:15 DEBUG| GET:http://localhost/TEK.SeatPlan.WebApi/api/SeatLocation/2
2017-08-03 10:59:15 INFO | 8 entities retrieved by user: CORPORATE\chewang
RootType: SeatChangeLog, details: TEK.SeatPlan.Entity.SeatChangeLog
2017-08-03 10:59:15 INFO | 98 entities retrieved by user: CORPORATE\chewang
RootType: Seat, details: TEK.SeatPlan.Entity.Seat

2017-08-03 10:59:21 DEBUG| PUT:http://localhost/TEK.SeatPlan.WebApi/api/Email

2017-08-03 10:59:21 DEBUG| GET:http://localhost/TEK.SeatPlan.WebApi/api/employee

2017-08-03 10:59:21 DEBUG| GET:http://localhost/TEK.SeatPlan.WebApi/api/employee

2017-08-03 10:59:21 DEBUG| GET:http://localhost/TEK.SeatPlan.WebApi/api/employee

2017-08-03 10:59:22 DEBUG| GET:http://localhost/TEK.SeatPlan.WebApi/api/employee

2017-08-03 10:59:31 DEBUG| GET:http://localhost/TEK.SeatPlan.WebApi/api/version

2017-08-03 10:59:31 DEBUG| GET:http://localhost/TEK.SeatPlan.WebApi/api/SeatChangeLog
2017-08-03 10:59:31 INFO | 3 entities retrieved by user: CORPORATE\chewang
RootType: SeatChangeLog, details: TEK.SeatPlan.Entity.SeatChangeLog
2017-08-03 10:59:31 INFO | 8 entities retrieved by user: CORPORATE\chewang
RootType: SeatChangeLog, details: TEK.SeatPlan.Entity.SeatChangeLog

2017-08-03 10:59:31 DEBUG| GET:http://localhost/TEK.SeatPlan.WebApi/api/employee

2017-08-03 10:59:32 DEBUG| GET:http://localhost/TEK.SeatPlan.WebApi/api/location
2017-08-03 10:59:32 INFO | 2 entities retrieved by user: CORPORATE\chewang
RootType: Location, details: TEK.SeatPlan.Entity.Location

2017-08-03 10:59:32 DEBUG| GET:http://localhost/TEK.SeatPlan.WebApi/api/ProjectLocation/2

2017-08-03 10:59:32 DEBUG| GET:http://localhost/TEK.SeatPlan.WebApi/api/SeatLocation/2
2017-08-03 10:59:32 INFO | 69 entities retrieved by user: CORPORATE\chewang
RootType: Seat, details: TEK.SeatPlan.Entity.Seat
2017-08-03 10:59:32 INFO | 98 entities retrieved by user: CORPORATE\chewang
RootType: Seat, details: TEK.SeatPlan.Entity.Seat

2017-08-03 11:00:42 DEBUG| PUT:http://localhost/TEK.SeatPlan.WebApi/api/Email

2017-08-03 11:00:42 DEBUG| GET:http://localhost/TEK.SeatPlan.WebApi/api/employee

2017-08-03 11:00:42 DEBUG| GET:http://localhost/TEK.SeatPlan.WebApi/api/employee

2017-08-03 11:00:42 DEBUG| GET:http://localhost/TEK.SeatPlan.WebApi/api/employee

2017-08-03 11:00:42 DEBUG| GET:http://localhost/TEK.SeatPlan.WebApi/api/employee

2017-08-03 11:00:47 DEBUG| POST:http://localhost/TEK.SeatPlan.WebApi/api/seat
2017-08-03 11:00:47 DEBUG| Move employee with ID=[82] from seat [63] to seat [68] started
2017-08-03 11:00:47 DEBUG| Drag/Drop move employee with ID=[82] from seat [63] to seat [68] completed

2017-08-03 11:00:47 DEBUG| GET:http://localhost/TEK.SeatPlan.WebApi/api/SeatChangeLog
2017-08-03 11:00:47 INFO | 3 entities retrieved by user: CORPORATE\chewang
RootType: SeatChangeLog, details: TEK.SeatPlan.Entity.SeatChangeLog
2017-08-03 11:00:47 INFO | 9 entities retrieved by user: CORPORATE\chewang
RootType: SeatChangeLog, details: TEK.SeatPlan.Entity.SeatChangeLog

2017-08-03 11:00:47 DEBUG| GET:http://localhost/TEK.SeatPlan.WebApi/api/SeatLocation/2
2017-08-03 11:00:47 INFO | 98 entities retrieved by user: CORPORATE\chewang
RootType: Seat, details: TEK.SeatPlan.Entity.Seat

2017-08-03 11:00:50 DEBUG| PUT:http://localhost/TEK.SeatPlan.WebApi/api/Email

2017-08-03 11:00:50 DEBUG| GET:http://localhost/TEK.SeatPlan.WebApi/api/employee

2017-08-03 11:00:50 DEBUG| GET:http://localhost/TEK.SeatPlan.WebApi/api/employee

2017-08-03 11:00:50 DEBUG| GET:http://localhost/TEK.SeatPlan.WebApi/api/employee

2017-08-03 11:00:51 DEBUG| GET:http://localhost/TEK.SeatPlan.WebApi/api/employee

2017-08-03 11:00:57 DEBUG| PUT:http://localhost/TEK.SeatPlan.WebApi/api/Email

2017-08-03 11:00:57 DEBUG| GET:http://localhost/TEK.SeatPlan.WebApi/api/employee

2017-08-03 11:00:57 DEBUG| GET:http://localhost/TEK.SeatPlan.WebApi/api/employee

2017-08-03 11:00:58 DEBUG| GET:http://localhost/TEK.SeatPlan.WebApi/api/employee

2017-08-03 11:00:58 DEBUG| GET:http://localhost/TEK.SeatPlan.WebApi/api/employee

2017-08-03 11:01:08 DEBUG| PUT:http://localhost/TEK.SeatPlan.WebApi/api/Email

2017-08-03 11:01:08 DEBUG| GET:http://localhost/TEK.SeatPlan.WebApi/api/employee

2017-08-03 11:01:08 DEBUG| GET:http://localhost/TEK.SeatPlan.WebApi/api/employee

2017-08-03 11:01:08 DEBUG| GET:http://localhost/TEK.SeatPlan.WebApi/api/employee

2017-08-03 11:01:08 DEBUG| GET:http://localhost/TEK.SeatPlan.WebApi/api/employee

2017-08-03 11:01:24 DEBUG| GET:http://localhost/TEK.SeatPlan.WebApi/api/version

2017-08-03 11:01:24 DEBUG| GET:http://localhost/TEK.SeatPlan.WebApi/api/SeatChangeLog
2017-08-03 11:01:24 INFO | 3 entities retrieved by user: CORPORATE\chewang
RootType: SeatChangeLog, details: TEK.SeatPlan.Entity.SeatChangeLog

2017-08-03 11:01:24 DEBUG| GET:http://localhost/TEK.SeatPlan.WebApi/api/location
2017-08-03 11:01:24 INFO | 9 entities retrieved by user: CORPORATE\chewang
RootType: SeatChangeLog, details: TEK.SeatPlan.Entity.SeatChangeLog

2017-08-03 11:01:25 DEBUG| GET:http://localhost/TEK.SeatPlan.WebApi/api/employee
2017-08-03 11:01:25 INFO | 2 entities retrieved by user: CORPORATE\chewang
RootType: Location, details: TEK.SeatPlan.Entity.Location

2017-08-03 11:01:25 DEBUG| GET:http://localhost/TEK.SeatPlan.WebApi/api/SeatLocation/2

2017-08-03 11:01:25 DEBUG| GET:http://localhost/TEK.SeatPlan.WebApi/api/ProjectLocation/2
2017-08-03 11:01:25 INFO | 98 entities retrieved by user: CORPORATE\chewang
RootType: Seat, details: TEK.SeatPlan.Entity.Seat
2017-08-03 11:01:25 INFO | 69 entities retrieved by user: CORPORATE\chewang
RootType: Seat, details: TEK.SeatPlan.Entity.Seat

2017-08-03 11:01:36 DEBUG| PUT:http://localhost/TEK.SeatPlan.WebApi/api/Email

2017-08-03 11:01:38 DEBUG| GET:http://localhost/TEK.SeatPlan.WebApi/api/employee

2017-08-03 11:01:38 DEBUG| GET:http://localhost/TEK.SeatPlan.WebApi/api/employee

2017-08-03 11:01:39 DEBUG| GET:http://localhost/TEK.SeatPlan.WebApi/api/employee

2017-08-03 11:01:39 DEBUG| GET:http://localhost/TEK.SeatPlan.WebApi/api/employee

2017-08-03 11:01:43 DEBUG| PUT:http://localhost/TEK.SeatPlan.WebApi/api/Email

2017-08-03 11:01:43 DEBUG| GET:http://localhost/TEK.SeatPlan.WebApi/api/employee

2017-08-03 11:01:43 DEBUG| GET:http://localhost/TEK.SeatPlan.WebApi/api/employee

2017-08-03 11:01:43 DEBUG| GET:http://localhost/TEK.SeatPlan.WebApi/api/employee

2017-08-03 11:01:43 DEBUG| GET:http://localhost/TEK.SeatPlan.WebApi/api/employee

2017-08-03 11:01:58 DEBUG| PUT:http://localhost/TEK.SeatPlan.WebApi/api/Email

2017-08-03 11:01:58 DEBUG| GET:http://localhost/TEK.SeatPlan.WebApi/api/employee

2017-08-03 11:01:58 DEBUG| GET:http://localhost/TEK.SeatPlan.WebApi/api/employee

2017-08-03 11:01:58 DEBUG| GET:http://localhost/TEK.SeatPlan.WebApi/api/employee

2017-08-03 11:01:58 DEBUG| GET:http://localhost/TEK.SeatPlan.WebApi/api/employee

2017-08-03 11:02:01 DEBUG| POST:http://localhost/TEK.SeatPlan.WebApi/api/seat
2017-08-03 11:02:01 DEBUG| Move employee with ID=[82] from seat [68] to seat [75] started
2017-08-03 11:02:01 DEBUG| Drag/Drop move employee with ID=[82] from seat [68] to seat [75] completed

2017-08-03 11:02:01 DEBUG| GET:http://localhost/TEK.SeatPlan.WebApi/api/SeatChangeLog
2017-08-03 11:02:01 INFO | 3 entities retrieved by user: CORPORATE\chewang
RootType: SeatChangeLog, details: TEK.SeatPlan.Entity.SeatChangeLog
2017-08-03 11:02:01 INFO | 10 entities retrieved by user: CORPORATE\chewang
RootType: SeatChangeLog, details: TEK.SeatPlan.Entity.SeatChangeLog

2017-08-03 11:02:03 DEBUG| GET:http://localhost/TEK.SeatPlan.WebApi/api/SeatLocation/2
2017-08-03 11:02:03 INFO | 98 entities retrieved by user: CORPORATE\chewang
RootType: Seat, details: TEK.SeatPlan.Entity.Seat

2017-08-03 11:02:09 DEBUG| PUT:http://localhost/TEK.SeatPlan.WebApi/api/Email

2017-08-03 11:02:09 DEBUG| GET:http://localhost/TEK.SeatPlan.WebApi/api/employee

2017-08-03 11:02:09 DEBUG| GET:http://localhost/TEK.SeatPlan.WebApi/api/employee

2017-08-03 11:02:09 DEBUG| GET:http://localhost/TEK.SeatPlan.WebApi/api/employee

2017-08-03 11:02:09 DEBUG| GET:http://localhost/TEK.SeatPlan.WebApi/api/employee

2017-08-03 11:03:19 DEBUG| GET:http://localhost/TEK.SeatPlan.WebApi/api/version


2017-08-03 11:03:19 DEBUG| GET:http://localhost/TEK.SeatPlan.WebApi/api/location
2017-08-03 11:03:19 DEBUG| GET:http://localhost/TEK.SeatPlan.WebApi/api/SeatChangeLog

2017-08-03 11:03:19 DEBUG| GET:http://localhost/TEK.SeatPlan.WebApi/api/employee
2017-08-03 11:03:19 INFO | 2 entities retrieved by user: CORPORATE\chewang
RootType: Location, details: TEK.SeatPlan.Entity.Location
2017-08-03 11:03:19 INFO | 3 entities retrieved by user: CORPORATE\chewang
RootType: SeatChangeLog, details: TEK.SeatPlan.Entity.SeatChangeLog
2017-08-03 11:03:19 INFO | 10 entities retrieved by user: CORPORATE\chewang
RootType: SeatChangeLog, details: TEK.SeatPlan.Entity.SeatChangeLog

2017-08-03 11:03:19 DEBUG| GET:http://localhost/TEK.SeatPlan.WebApi/api/ProjectLocation/2

2017-08-03 11:03:19 DEBUG| GET:http://localhost/TEK.SeatPlan.WebApi/api/SeatLocation/2
2017-08-03 11:03:19 INFO | 69 entities retrieved by user: CORPORATE\chewang
RootType: Seat, details: TEK.SeatPlan.Entity.Seat
2017-08-03 11:03:19 INFO | 98 entities retrieved by user: CORPORATE\chewang
RootType: Seat, details: TEK.SeatPlan.Entity.Seat

2017-08-03 11:03:28 DEBUG| PUT:http://localhost/TEK.SeatPlan.WebApi/api/Email

2017-08-03 11:03:28 DEBUG| GET:http://localhost/TEK.SeatPlan.WebApi/api/employee

2017-08-03 11:03:28 DEBUG| GET:http://localhost/TEK.SeatPlan.WebApi/api/employee

2017-08-03 11:03:28 DEBUG| GET:http://localhost/TEK.SeatPlan.WebApi/api/employee

2017-08-03 11:03:28 DEBUG| GET:http://localhost/TEK.SeatPlan.WebApi/api/employee

2017-08-03 11:03:32 DEBUG| POST:http://localhost/TEK.SeatPlan.WebApi/api/seat
2017-08-03 11:03:32 DEBUG| Move employee with ID=[69] from seat [67] to seat [63] started
2017-08-03 11:03:32 DEBUG| Drag/Drop move employee with ID=[69] from seat [67] to seat [63] completed

2017-08-03 11:03:33 DEBUG| GET:http://localhost/TEK.SeatPlan.WebApi/api/SeatChangeLog

2017-08-03 11:03:33 DEBUG| GET:http://localhost/TEK.SeatPlan.WebApi/api/SeatLocation/2
2017-08-03 11:03:33 INFO | 3 entities retrieved by user: CORPORATE\chewang
RootType: SeatChangeLog, details: TEK.SeatPlan.Entity.SeatChangeLog
2017-08-03 11:03:33 INFO | 11 entities retrieved by user: CORPORATE\chewang
RootType: SeatChangeLog, details: TEK.SeatPlan.Entity.SeatChangeLog
2017-08-03 11:03:33 INFO | 98 entities retrieved by user: CORPORATE\chewang
RootType: Seat, details: TEK.SeatPlan.Entity.Seat

2017-08-03 11:03:37 DEBUG| PUT:http://localhost/TEK.SeatPlan.WebApi/api/Email

2017-08-03 11:03:37 DEBUG| GET:http://localhost/TEK.SeatPlan.WebApi/api/employee

2017-08-03 11:03:37 DEBUG| GET:http://localhost/TEK.SeatPlan.WebApi/api/employee

2017-08-03 11:03:37 DEBUG| GET:http://localhost/TEK.SeatPlan.WebApi/api/employee

2017-08-03 11:03:37 DEBUG| GET:http://localhost/TEK.SeatPlan.WebApi/api/employee

2017-08-03 11:04:00 DEBUG| GET:http://localhost/TEK.SeatPlan.WebApi/api/version

2017-08-03 11:04:00 DEBUG| GET:http://localhost/TEK.SeatPlan.WebApi/api/SeatChangeLog
2017-08-03 11:04:00 INFO | 3 entities retrieved by user: CORPORATE\chewang
RootType: SeatChangeLog, details: TEK.SeatPlan.Entity.SeatChangeLog
2017-08-03 11:04:00 INFO | 11 entities retrieved by user: CORPORATE\chewang
RootType: SeatChangeLog, details: TEK.SeatPlan.Entity.SeatChangeLog

2017-08-03 11:04:00 DEBUG| GET:http://localhost/TEK.SeatPlan.WebApi/api/location

2017-08-03 11:04:00 DEBUG| GET:http://localhost/TEK.SeatPlan.WebApi/api/employee
2017-08-03 11:04:00 INFO | 2 entities retrieved by user: CORPORATE\chewang
RootType: Location, details: TEK.SeatPlan.Entity.Location

2017-08-03 11:04:00 DEBUG| GET:http://localhost/TEK.SeatPlan.WebApi/api/ProjectLocation/2

2017-08-03 11:04:00 DEBUG| GET:http://localhost/TEK.SeatPlan.WebApi/api/SeatLocation/2
2017-08-03 11:04:00 INFO | 69 entities retrieved by user: CORPORATE\chewang
RootType: Seat, details: TEK.SeatPlan.Entity.Seat
2017-08-03 11:04:00 INFO | 98 entities retrieved by user: CORPORATE\chewang
RootType: Seat, details: TEK.SeatPlan.Entity.Seat

2017-08-03 11:04:07 DEBUG| POST:http://localhost/TEK.SeatPlan.WebApi/api/seat
2017-08-03 11:04:07 DEBUG| Move employee with ID=[23] from seat [76] to seat [77] started
2017-08-03 11:04:07 DEBUG| Drag/Drop move employee with ID=[23] from seat [76] to seat [77] completed

2017-08-03 11:04:07 DEBUG| GET:http://localhost/TEK.SeatPlan.WebApi/api/SeatChangeLog
2017-08-03 11:04:07 INFO | 3 entities retrieved by user: CORPORATE\chewang
RootType: SeatChangeLog, details: TEK.SeatPlan.Entity.SeatChangeLog
2017-08-03 11:04:07 INFO | 12 entities retrieved by user: CORPORATE\chewang
RootType: SeatChangeLog, details: TEK.SeatPlan.Entity.SeatChangeLog

2017-08-03 11:04:07 DEBUG| GET:http://localhost/TEK.SeatPlan.WebApi/api/SeatLocation/2
2017-08-03 11:04:07 INFO | 98 entities retrieved by user: CORPORATE\chewang
RootType: Seat, details: TEK.SeatPlan.Entity.Seat

2017-08-03 11:04:14 DEBUG| PUT:http://localhost/TEK.SeatPlan.WebApi/api/Email

2017-08-03 11:04:16 DEBUG| GET:http://localhost/TEK.SeatPlan.WebApi/api/employee

2017-08-03 11:04:16 DEBUG| GET:http://localhost/TEK.SeatPlan.WebApi/api/employee

2017-08-03 11:04:16 DEBUG| GET:http://localhost/TEK.SeatPlan.WebApi/api/employee

2017-08-03 11:04:16 DEBUG| GET:http://localhost/TEK.SeatPlan.WebApi/api/employee

2017-08-03 11:04:24 DEBUG| PUT:http://localhost/TEK.SeatPlan.WebApi/api/Email

2017-08-03 11:04:24 DEBUG| GET:http://localhost/TEK.SeatPlan.WebApi/api/employee

2017-08-03 11:04:24 DEBUG| GET:http://localhost/TEK.SeatPlan.WebApi/api/employee

2017-08-03 11:04:24 DEBUG| GET:http://localhost/TEK.SeatPlan.WebApi/api/employee

2017-08-03 11:04:24 DEBUG| GET:http://localhost/TEK.SeatPlan.WebApi/api/employee

2017-08-03 11:04:31 DEBUG| PUT:http://localhost/TEK.SeatPlan.WebApi/api/Email

2017-08-03 11:04:31 DEBUG| GET:http://localhost/TEK.SeatPlan.WebApi/api/employee

2017-08-03 11:04:31 DEBUG| GET:http://localhost/TEK.SeatPlan.WebApi/api/employee

2017-08-03 11:04:31 DEBUG| GET:http://localhost/TEK.SeatPlan.WebApi/api/employee

2017-08-03 11:04:31 DEBUG| GET:http://localhost/TEK.SeatPlan.WebApi/api/employee

2017-08-03 11:04:37 DEBUG| GET:http://localhost/TEK.SeatPlan.WebApi/api/version

2017-08-03 11:04:37 DEBUG| GET:http://localhost/TEK.SeatPlan.WebApi/api/SeatChangeLog
2017-08-03 11:04:37 INFO | 3 entities retrieved by user: CORPORATE\chewang
RootType: SeatChangeLog, details: TEK.SeatPlan.Entity.SeatChangeLog
2017-08-03 11:04:37 INFO | 12 entities retrieved by user: CORPORATE\chewang
RootType: SeatChangeLog, details: TEK.SeatPlan.Entity.SeatChangeLog

2017-08-03 11:04:37 DEBUG| GET:http://localhost/TEK.SeatPlan.WebApi/api/employee

2017-08-03 11:04:37 DEBUG| GET:http://localhost/TEK.SeatPlan.WebApi/api/location
2017-08-03 11:04:38 INFO | 2 entities retrieved by user: CORPORATE\chewang
RootType: Location, details: TEK.SeatPlan.Entity.Location

2017-08-03 11:04:38 DEBUG| GET:http://localhost/TEK.SeatPlan.WebApi/api/SeatLocation/2

2017-08-03 11:04:38 DEBUG| GET:http://localhost/TEK.SeatPlan.WebApi/api/ProjectLocation/2
2017-08-03 11:04:38 INFO | 98 entities retrieved by user: CORPORATE\chewang
RootType: Seat, details: TEK.SeatPlan.Entity.Seat
2017-08-03 11:04:38 INFO | 69 entities retrieved by user: CORPORATE\chewang
RootType: Seat, details: TEK.SeatPlan.Entity.Seat

2017-08-03 11:04:42 DEBUG| PUT:http://localhost/TEK.SeatPlan.WebApi/api/Email

2017-08-03 11:04:42 DEBUG| GET:http://localhost/TEK.SeatPlan.WebApi/api/employee

2017-08-03 11:04:42 DEBUG| GET:http://localhost/TEK.SeatPlan.WebApi/api/employee

2017-08-03 11:04:43 DEBUG| GET:http://localhost/TEK.SeatPlan.WebApi/api/employee

2017-08-03 11:04:43 DEBUG| GET:http://localhost/TEK.SeatPlan.WebApi/api/employee

2017-08-03 11:13:54 DEBUG| GET:http://localhost/TEK.SeatPlan.WebApi/api/version

2017-08-03 11:13:54 DEBUG| GET:http://localhost/TEK.SeatPlan.WebApi/api/SeatChangeLog

2017-08-03 11:13:54 DEBUG| GET:http://localhost/TEK.SeatPlan.WebApi/api/employee

2017-08-03 11:13:54 DEBUG| GET:http://localhost/TEK.SeatPlan.WebApi/api/location
2017-08-03 11:13:54 INFO | 3 entities retrieved by user: CORPORATE\chewang
RootType: SeatChangeLog, details: TEK.SeatPlan.Entity.SeatChangeLog
2017-08-03 11:13:54 INFO | 12 entities retrieved by user: CORPORATE\chewang
RootType: SeatChangeLog, details: TEK.SeatPlan.Entity.SeatChangeLog
2017-08-03 11:13:54 INFO | 2 entities retrieved by user: CORPORATE\chewang
RootType: Location, details: TEK.SeatPlan.Entity.Location

2017-08-03 11:13:54 DEBUG| GET:http://localhost/TEK.SeatPlan.WebApi/api/ProjectLocation/2

2017-08-03 11:13:54 DEBUG| GET:http://localhost/TEK.SeatPlan.WebApi/api/SeatLocation/2
2017-08-03 11:13:54 INFO | 69 entities retrieved by user: CORPORATE\chewang
RootType: Seat, details: TEK.SeatPlan.Entity.Seat
2017-08-03 11:13:54 INFO | 98 entities retrieved by user: CORPORATE\chewang
RootType: Seat, details: TEK.SeatPlan.Entity.Seat

2017-08-03 11:13:58 DEBUG| GET:http://localhost/TEK.SeatPlan.WebApi/api/employee

2017-08-03 11:13:59 DEBUG| GET:http://localhost/TEK.SeatPlan.WebApi/api/SeatChangeLog
2017-08-03 11:13:59 INFO | 3 entities retrieved by user: CORPORATE\chewang
RootType: SeatChangeLog, details: TEK.SeatPlan.Entity.SeatChangeLog

2017-08-03 11:13:59 DEBUG| GET:http://localhost/TEK.SeatPlan.WebApi/api/location
2017-08-03 11:13:59 INFO | 2 entities retrieved by user: CORPORATE\chewang
RootType: Location, details: TEK.SeatPlan.Entity.Location
2017-08-03 11:13:59 INFO | 12 entities retrieved by user: CORPORATE\chewang
RootType: SeatChangeLog, details: TEK.SeatPlan.Entity.SeatChangeLog

2017-08-03 11:13:59 DEBUG| GET:http://localhost/TEK.SeatPlan.WebApi/api/employee


2017-08-03 11:13:59 DEBUG| GET:http://localhost/TEK.SeatPlan.WebApi/api/SeatLocation/2
2017-08-03 11:13:59 DEBUG| GET:http://localhost/TEK.SeatPlan.WebApi/api/ProjectLocation/2
2017-08-03 11:13:59 INFO | 69 entities retrieved by user: CORPORATE\chewang
RootType: Seat, details: TEK.SeatPlan.Entity.Seat
2017-08-03 11:13:59 INFO | 98 entities retrieved by user: CORPORATE\chewang
RootType: Seat, details: TEK.SeatPlan.Entity.Seat

2017-08-03 11:13:59 DEBUG| GET:http://localhost/TEK.SeatPlan.WebApi/api/ProjectLocation/2
2017-08-03 11:13:59 INFO | 69 entities retrieved by user: CORPORATE\chewang
RootType: Seat, details: TEK.SeatPlan.Entity.Seat

2017-08-03 11:14:05 DEBUG| PUT:http://localhost/TEK.SeatPlan.WebApi/api/Email

2017-08-03 11:14:05 DEBUG| GET:http://localhost/TEK.SeatPlan.WebApi/api/employee

2017-08-03 11:14:06 DEBUG| GET:http://localhost/TEK.SeatPlan.WebApi/api/employee

2017-08-03 11:14:06 DEBUG| GET:http://localhost/TEK.SeatPlan.WebApi/api/employee

2017-08-03 11:14:06 DEBUG| GET:http://localhost/TEK.SeatPlan.WebApi/api/employee

2017-08-03 11:14:09 DEBUG| POST:http://localhost/TEK.SeatPlan.WebApi/api/seat
2017-08-03 11:14:09 DEBUG| Move employee with ID=[86] from seat [66] to seat [67] started
2017-08-03 11:14:09 DEBUG| Drag/Drop move employee with ID=[86] from seat [66] to seat [67] completed

2017-08-03 11:14:09 DEBUG| GET:http://localhost/TEK.SeatPlan.WebApi/api/SeatChangeLog
2017-08-03 11:14:09 INFO | 3 entities retrieved by user: CORPORATE\chewang
RootType: SeatChangeLog, details: TEK.SeatPlan.Entity.SeatChangeLog
2017-08-03 11:14:09 INFO | 13 entities retrieved by user: CORPORATE\chewang
RootType: SeatChangeLog, details: TEK.SeatPlan.Entity.SeatChangeLog

2017-08-03 11:14:09 DEBUG| GET:http://localhost/TEK.SeatPlan.WebApi/api/SeatLocation/2
2017-08-03 11:14:09 INFO | 98 entities retrieved by user: CORPORATE\chewang
RootType: Seat, details: TEK.SeatPlan.Entity.Seat

2017-08-03 11:14:13 DEBUG| PUT:http://localhost/TEK.SeatPlan.WebApi/api/Email

2017-08-03 11:14:13 DEBUG| GET:http://localhost/TEK.SeatPlan.WebApi/api/employee

2017-08-03 11:14:13 DEBUG| GET:http://localhost/TEK.SeatPlan.WebApi/api/employee

2017-08-03 11:14:13 DEBUG| GET:http://localhost/TEK.SeatPlan.WebApi/api/employee

2017-08-03 11:14:13 DEBUG| GET:http://localhost/TEK.SeatPlan.WebApi/api/employee

2017-08-03 11:15:12 DEBUG| GET:http://localhost/TEK.SeatPlan.WebApi/api/version

2017-08-03 11:15:12 DEBUG| GET:http://localhost/TEK.SeatPlan.WebApi/api/SeatChangeLog
2017-08-03 11:15:12 INFO | 3 entities retrieved by user: CORPORATE\chewang
RootType: SeatChangeLog, details: TEK.SeatPlan.Entity.SeatChangeLog

2017-08-03 11:15:12 DEBUG| GET:http://localhost/TEK.SeatPlan.WebApi/api/location
2017-08-03 11:15:12 INFO | 13 entities retrieved by user: CORPORATE\chewang
RootType: SeatChangeLog, details: TEK.SeatPlan.Entity.SeatChangeLog

2017-08-03 11:15:12 DEBUG| GET:http://localhost/TEK.SeatPlan.WebApi/api/employee
2017-08-03 11:15:12 INFO | 2 entities retrieved by user: CORPORATE\chewang
RootType: Location, details: TEK.SeatPlan.Entity.Location

2017-08-03 11:15:13 DEBUG| GET:http://localhost/TEK.SeatPlan.WebApi/api/ProjectLocation/2

2017-08-03 11:15:13 DEBUG| GET:http://localhost/TEK.SeatPlan.WebApi/api/SeatLocation/2
2017-08-03 11:15:13 INFO | 69 entities retrieved by user: CORPORATE\chewang
RootType: Seat, details: TEK.SeatPlan.Entity.Seat
2017-08-03 11:15:13 INFO | 98 entities retrieved by user: CORPORATE\chewang
RootType: Seat, details: TEK.SeatPlan.Entity.Seat

2017-08-03 11:15:38 DEBUG| GET:http://localhost/TEK.SeatPlan.WebApi/api/version

2017-08-03 11:15:39 DEBUG| GET:http://localhost/TEK.SeatPlan.WebApi/api/SeatChangeLog
2017-08-03 11:15:39 INFO | 3 entities retrieved by user: CORPORATE\chewang
RootType: SeatChangeLog, details: TEK.SeatPlan.Entity.SeatChangeLog

2017-08-03 11:15:39 DEBUG| GET:http://localhost/TEK.SeatPlan.WebApi/api/location

2017-08-03 11:15:39 DEBUG| GET:http://localhost/TEK.SeatPlan.WebApi/api/employee
2017-08-03 11:15:39 INFO | 13 entities retrieved by user: CORPORATE\chewang
RootType: SeatChangeLog, details: TEK.SeatPlan.Entity.SeatChangeLog
2017-08-03 11:15:39 INFO | 2 entities retrieved by user: CORPORATE\chewang
RootType: Location, details: TEK.SeatPlan.Entity.Location

2017-08-03 11:15:39 DEBUG| GET:http://localhost/TEK.SeatPlan.WebApi/api/ProjectLocation/2

2017-08-03 11:15:39 DEBUG| GET:http://localhost/TEK.SeatPlan.WebApi/api/SeatLocation/2
2017-08-03 11:15:39 INFO | 69 entities retrieved by user: CORPORATE\chewang
RootType: Seat, details: TEK.SeatPlan.Entity.Seat
2017-08-03 11:15:39 INFO | 98 entities retrieved by user: CORPORATE\chewang
RootType: Seat, details: TEK.SeatPlan.Entity.Seat

2017-08-03 11:17:13 DEBUG| GET:http://localhost/TEK.SeatPlan.WebApi/api/version

2017-08-03 11:17:13 DEBUG| GET:http://localhost/TEK.SeatPlan.WebApi/api/SeatChangeLog
2017-08-03 11:17:13 INFO | 3 entities retrieved by user: CORPORATE\chewang
RootType: SeatChangeLog, details: TEK.SeatPlan.Entity.SeatChangeLog

2017-08-03 11:17:13 INFO | 13 entities retrieved by user: CORPORATE\chewang
RootType: SeatChangeLog, details: TEK.SeatPlan.Entity.SeatChangeLog
2017-08-03 11:17:13 DEBUG| GET:http://localhost/TEK.SeatPlan.WebApi/api/employee

2017-08-03 11:17:13 DEBUG| GET:http://localhost/TEK.SeatPlan.WebApi/api/location
2017-08-03 11:17:13 INFO | 2 entities retrieved by user: CORPORATE\chewang
RootType: Location, details: TEK.SeatPlan.Entity.Location

2017-08-03 11:17:13 DEBUG| GET:http://localhost/TEK.SeatPlan.WebApi/api/SeatLocation/2

2017-08-03 11:17:13 DEBUG| GET:http://localhost/TEK.SeatPlan.WebApi/api/ProjectLocation/2
2017-08-03 11:17:13 INFO | 69 entities retrieved by user: CORPORATE\chewang
RootType: Seat, details: TEK.SeatPlan.Entity.Seat
2017-08-03 11:17:13 INFO | 98 entities retrieved by user: CORPORATE\chewang
RootType: Seat, details: TEK.SeatPlan.Entity.Seat

2017-08-03 11:19:48 DEBUG| PUT:http://localhost/TEK.SeatPlan.WebApi/api/Email

2017-08-03 11:19:48 DEBUG| GET:http://localhost/TEK.SeatPlan.WebApi/api/employee

2017-08-03 11:19:48 DEBUG| GET:http://localhost/TEK.SeatPlan.WebApi/api/employee

2017-08-03 11:19:48 DEBUG| GET:http://localhost/TEK.SeatPlan.WebApi/api/employee

2017-08-03 11:19:48 DEBUG| GET:http://localhost/TEK.SeatPlan.WebApi/api/employee

2017-08-03 11:19:58 DEBUG| POST:http://localhost/TEK.SeatPlan.WebApi/api/seat
2017-08-03 11:19:58 DEBUG| Move employee with ID=[155] from seat [56] to seat [65] started
2017-08-03 11:19:58 DEBUG| Drag/Drop move employee with ID=[155] from seat [56] to seat [65] completed

2017-08-03 11:19:58 DEBUG| GET:http://localhost/TEK.SeatPlan.WebApi/api/SeatChangeLog
2017-08-03 11:19:58 INFO | 3 entities retrieved by user: CORPORATE\chewang
RootType: SeatChangeLog, details: TEK.SeatPlan.Entity.SeatChangeLog

2017-08-03 11:19:58 DEBUG| GET:http://localhost/TEK.SeatPlan.WebApi/api/SeatLocation/2
2017-08-03 11:19:58 INFO | 14 entities retrieved by user: CORPORATE\chewang
RootType: SeatChangeLog, details: TEK.SeatPlan.Entity.SeatChangeLog
2017-08-03 11:19:58 INFO | 98 entities retrieved by user: CORPORATE\chewang
RootType: Seat, details: TEK.SeatPlan.Entity.Seat

2017-08-03 11:20:06 DEBUG| PUT:http://localhost/TEK.SeatPlan.WebApi/api/Email

2017-08-03 11:20:06 DEBUG| GET:http://localhost/TEK.SeatPlan.WebApi/api/employee

2017-08-03 11:20:06 DEBUG| GET:http://localhost/TEK.SeatPlan.WebApi/api/employee

2017-08-03 11:20:06 DEBUG| GET:http://localhost/TEK.SeatPlan.WebApi/api/employee

2017-08-03 11:20:06 DEBUG| GET:http://localhost/TEK.SeatPlan.WebApi/api/employee

2017-08-03 11:23:30 DEBUG| GET:http://localhost/TEK.SeatPlan.WebApi/api/version

2017-08-03 11:23:30 DEBUG| GET:http://localhost/TEK.SeatPlan.WebApi/api/SeatChangeLog
2017-08-03 11:23:30 INFO | 3 entities retrieved by user: CORPORATE\chewang
RootType: SeatChangeLog, details: TEK.SeatPlan.Entity.SeatChangeLog

2017-08-03 11:23:30 DEBUG| GET:http://localhost/TEK.SeatPlan.WebApi/api/employee

2017-08-03 11:23:30 DEBUG| GET:http://localhost/TEK.SeatPlan.WebApi/api/location
2017-08-03 11:23:30 INFO | 14 entities retrieved by user: CORPORATE\chewang
RootType: SeatChangeLog, details: TEK.SeatPlan.Entity.SeatChangeLog
2017-08-03 11:23:31 INFO | 2 entities retrieved by user: CORPORATE\chewang
RootType: Location, details: TEK.SeatPlan.Entity.Location

2017-08-03 11:23:31 DEBUG| GET:http://localhost/TEK.SeatPlan.WebApi/api/ProjectLocation/2

2017-08-03 11:23:31 DEBUG| GET:http://localhost/TEK.SeatPlan.WebApi/api/SeatLocation/2
2017-08-03 11:23:31 INFO | 69 entities retrieved by user: CORPORATE\chewang
RootType: Seat, details: TEK.SeatPlan.Entity.Seat
2017-08-03 11:23:31 INFO | 98 entities retrieved by user: CORPORATE\chewang
RootType: Seat, details: TEK.SeatPlan.Entity.Seat

2017-08-03 11:26:55 DEBUG| GET:http://localhost/TEK.SeatPlan.WebApi/api/version

2017-08-03 11:26:55 DEBUG| GET:http://localhost/TEK.SeatPlan.WebApi/api/location

2017-08-03 11:26:55 DEBUG| GET:http://localhost/TEK.SeatPlan.WebApi/api/employee
2017-08-03 11:26:55 INFO | 2 entities retrieved by user: CORPORATE\chewang
RootType: Location, details: TEK.SeatPlan.Entity.Location

2017-08-03 11:28:32 DEBUG| GET:http://localhost/TEK.SeatPlan.WebApi/api/version

2017-08-03 11:28:32 DEBUG| GET:http://localhost/TEK.SeatPlan.WebApi/api/SeatChangeLog
2017-08-03 11:28:32 INFO | 3 entities retrieved by user: CORPORATE\chewang
RootType: SeatChangeLog, details: TEK.SeatPlan.Entity.SeatChangeLog

2017-08-03 11:28:32 DEBUG| GET:http://localhost/TEK.SeatPlan.WebApi/api/location
2017-08-03 11:28:32 INFO | 14 entities retrieved by user: CORPORATE\chewang
RootType: SeatChangeLog, details: TEK.SeatPlan.Entity.SeatChangeLog

2017-08-03 11:28:32 INFO | 2 entities retrieved by user: CORPORATE\chewang
RootType: Location, details: TEK.SeatPlan.Entity.Location
2017-08-03 11:28:32 DEBUG| GET:http://localhost/TEK.SeatPlan.WebApi/api/employee

2017-08-03 11:28:33 DEBUG| GET:http://localhost/TEK.SeatPlan.WebApi/api/SeatLocation/2

2017-08-03 11:28:33 DEBUG| GET:http://localhost/TEK.SeatPlan.WebApi/api/ProjectLocation/2
2017-08-03 11:28:33 INFO | 98 entities retrieved by user: CORPORATE\chewang
RootType: Seat, details: TEK.SeatPlan.Entity.Seat
2017-08-03 11:28:33 INFO | 69 entities retrieved by user: CORPORATE\chewang
RootType: Seat, details: TEK.SeatPlan.Entity.Seat

2017-08-03 11:29:49 DEBUG| GET:http://localhost/TEK.SeatPlan.WebApi/api/version

2017-08-03 11:29:49 DEBUG| GET:http://localhost/TEK.SeatPlan.WebApi/api/SeatChangeLog

2017-08-03 11:29:49 DEBUG| GET:http://localhost/TEK.SeatPlan.WebApi/api/location

2017-08-03 11:29:49 DEBUG| GET:http://localhost/TEK.SeatPlan.WebApi/api/employee
2017-08-03 11:29:49 INFO | 2 entities retrieved by user: CORPORATE\chewang
RootType: Location, details: TEK.SeatPlan.Entity.Location
2017-08-03 11:29:49 INFO | 3 entities retrieved by user: CORPORATE\chewang
RootType: SeatChangeLog, details: TEK.SeatPlan.Entity.SeatChangeLog

2017-08-03 11:29:50 DEBUG| GET:http://localhost/TEK.SeatPlan.WebApi/api/ProjectLocation/2
2017-08-03 11:29:50 INFO | 69 entities retrieved by user: CORPORATE\chewang
RootType: Seat, details: TEK.SeatPlan.Entity.Seat
2017-08-03 11:29:50 INFO | 14 entities retrieved by user: CORPORATE\chewang
RootType: SeatChangeLog, details: TEK.SeatPlan.Entity.SeatChangeLog

2017-08-03 11:30:20 DEBUG| GET:http://localhost/TEK.SeatPlan.WebApi/api/SeatLocation/2
2017-08-03 11:30:20 INFO | 98 entities retrieved by user: CORPORATE\chewang
RootType: Seat, details: TEK.SeatPlan.Entity.Seat

2017-08-03 11:51:01 DEBUG| GET:http://localhost/TEK.SeatPlan.WebApi/api/version



2017-08-03 11:51:01 DEBUG| GET:http://localhost/TEK.SeatPlan.WebApi/api/location
2017-08-03 11:51:01 DEBUG| GET:http://localhost/TEK.SeatPlan.WebApi/api/employee
2017-08-03 11:51:01 DEBUG| GET:http://localhost/TEK.SeatPlan.WebApi/api/SeatChangeLog
2017-08-03 11:51:02 INFO | 2 entities retrieved by user: CORPORATE\chewang
RootType: Location, details: TEK.SeatPlan.Entity.Location
2017-08-03 11:51:02 INFO | 3 entities retrieved by user: CORPORATE\chewang
RootType: SeatChangeLog, details: TEK.SeatPlan.Entity.SeatChangeLog
2017-08-03 11:51:02 INFO | 14 entities retrieved by user: CORPORATE\chewang
RootType: SeatChangeLog, details: TEK.SeatPlan.Entity.SeatChangeLog

2017-08-03 11:51:03 DEBUG| GET:http://localhost/TEK.SeatPlan.WebApi/api/SeatLocation/2

2017-08-03 11:51:03 DEBUG| GET:http://localhost/TEK.SeatPlan.WebApi/api/ProjectLocation/2
2017-08-03 11:51:03 INFO | 69 entities retrieved by user: CORPORATE\chewang
RootType: Seat, details: TEK.SeatPlan.Entity.Seat
2017-08-03 11:51:03 INFO | 98 entities retrieved by user: CORPORATE\chewang
RootType: Seat, details: TEK.SeatPlan.Entity.Seat

2017-08-03 11:51:19 DEBUG| GET:http://localhost/TEK.SeatPlan.WebApi/api/version

2017-08-03 11:51:19 DEBUG| GET:http://localhost/TEK.SeatPlan.WebApi/api/SeatChangeLog
2017-08-03 11:51:19 INFO | 3 entities retrieved by user: CORPORATE\chewang
RootType: SeatChangeLog, details: TEK.SeatPlan.Entity.SeatChangeLog
2017-08-03 11:51:19 INFO | 14 entities retrieved by user: CORPORATE\chewang
RootType: SeatChangeLog, details: TEK.SeatPlan.Entity.SeatChangeLog

2017-08-03 11:51:19 DEBUG| GET:http://localhost/TEK.SeatPlan.WebApi/api/location

2017-08-03 11:51:19 DEBUG| GET:http://localhost/TEK.SeatPlan.WebApi/api/employee
2017-08-03 11:51:19 INFO | 2 entities retrieved by user: CORPORATE\chewang
RootType: Location, details: TEK.SeatPlan.Entity.Location

2017-08-03 11:51:19 DEBUG| GET:http://localhost/TEK.SeatPlan.WebApi/api/ProjectLocation/2

2017-08-03 11:51:19 DEBUG| GET:http://localhost/TEK.SeatPlan.WebApi/api/SeatLocation/2
2017-08-03 11:51:19 INFO | 69 entities retrieved by user: CORPORATE\chewang
RootType: Seat, details: TEK.SeatPlan.Entity.Seat
2017-08-03 11:51:19 INFO | 98 entities retrieved by user: CORPORATE\chewang
RootType: Seat, details: TEK.SeatPlan.Entity.Seat
